{"C:\\Users\\LENOVO\\Desktop\\Nyayacheck\\backend\\server.js": {"path":"C:\\Users\\LENOVO\\Desktop\\Nyayacheck\\backend\\server.js","statementMap":{"0":{"start":{"line":1,"column":0},"end":{"line":1,"column":27}},"1":{"start":{"line":2,"column":16},"end":{"line":2,"column":34}},"2":{"start":{"line":3,"column":13},"end":{"line":3,"column":28}},"3":{"start":{"line":4,"column":15},"end":{"line":4,"column":32}},"4":{"start":{"line":5,"column":18},"end":{"line":5,"column":47}},"5":{"start":{"line":6,"column":20},"end":{"line":6,"column":42}},"6":{"start":{"line":7,"column":22},"end":{"line":7,"column":49}},"7":{"start":{"line":8,"column":20},"end":{"line":8,"column":45}},"8":{"start":{"line":10,"column":12},"end":{"line":10,"column":21}},"9":{"start":{"line":11,"column":13},"end":{"line":11,"column":37}},"10":{"start":{"line":14,"column":0},"end":{"line":14,"column":23}},"11":{"start":{"line":17,"column":0},"end":{"line":29,"column":2}},"12":{"start":{"line":34,"column":19},"end":{"line":42,"column":2}},"13":{"start":{"line":43,"column":0},"end":{"line":43,"column":29}},"14":{"start":{"line":46,"column":23},"end":{"line":48,"column":64}},"15":{"start":{"line":49,"column":0},"end":{"line":60,"column":2}},"16":{"start":{"line":52,"column":6},"end":{"line":52,"column":47}},"17":{"start":{"line":52,"column":19},"end":{"line":52,"column":47}},"18":{"start":{"line":53,"column":6},"end":{"line":55,"column":7}},"19":{"start":{"line":54,"column":8},"end":{"line":54,"column":36}},"20":{"start":{"line":56,"column":6},"end":{"line":56,"column":34}},"21":{"start":{"line":62,"column":0},"end":{"line":62,"column":40}},"22":{"start":{"line":63,"column":0},"end":{"line":63,"column":62}},"23":{"start":{"line":66,"column":0},"end":{"line":66,"column":31}},"24":{"start":{"line":67,"column":0},"end":{"line":67,"column":35}},"25":{"start":{"line":70,"column":0},"end":{"line":72,"column":3}},"26":{"start":{"line":71,"column":2},"end":{"line":71,"column":66}},"27":{"start":{"line":74,"column":0},"end":{"line":78,"column":1}},"28":{"start":{"line":75,"column":2},"end":{"line":77,"column":5}},"29":{"start":{"line":76,"column":4},"end":{"line":76,"column":64}},"30":{"start":{"line":80,"column":0},"end":{"line":80,"column":21}}},"fnMap":{"0":{"name":"(anonymous_0)","decl":{"start":{"line":51,"column":12},"end":{"line":51,"column":13}},"loc":{"start":{"line":51,"column":40},"end":{"line":57,"column":5}},"line":51},"1":{"name":"(anonymous_1)","decl":{"start":{"line":70,"column":23},"end":{"line":70,"column":24}},"loc":{"start":{"line":70,"column":37},"end":{"line":72,"column":1}},"line":70},"2":{"name":"(anonymous_2)","decl":{"start":{"line":75,"column":19},"end":{"line":75,"column":20}},"loc":{"start":{"line":75,"column":25},"end":{"line":77,"column":3}},"line":75}},"branchMap":{"0":{"loc":{"start":{"line":11,"column":13},"end":{"line":11,"column":37}},"type":"binary-expr","locations":[{"start":{"line":11,"column":13},"end":{"line":11,"column":29}},{"start":{"line":11,"column":33},"end":{"line":11,"column":37}}],"line":11},"1":{"loc":{"start":{"line":46,"column":23},"end":{"line":48,"column":64}},"type":"cond-expr","locations":[{"start":{"line":47,"column":4},"end":{"line":47,"column":30}},{"start":{"line":48,"column":4},"end":{"line":48,"column":64}}],"line":46},"2":{"loc":{"start":{"line":52,"column":6},"end":{"line":52,"column":47}},"type":"if","locations":[{"start":{"line":52,"column":6},"end":{"line":52,"column":47}},{"start":{},"end":{}}],"line":52},"3":{"loc":{"start":{"line":53,"column":6},"end":{"line":55,"column":7}},"type":"if","locations":[{"start":{"line":53,"column":6},"end":{"line":55,"column":7}},{"start":{},"end":{}}],"line":53},"4":{"loc":{"start":{"line":74,"column":0},"end":{"line":78,"column":1}},"type":"if","locations":[{"start":{"line":74,"column":0},"end":{"line":78,"column":1}},{"start":{},"end":{}}],"line":74},"5":{"loc":{"start":{"line":74,"column":4},"end":{"line":74,"column":76}},"type":"binary-expr","locations":[{"start":{"line":74,"column":4},"end":{"line":74,"column":41}},{"start":{"line":74,"column":45},"end":{"line":74,"column":76}}],"line":74}},"s":{"0":3,"1":3,"2":3,"3":3,"4":3,"5":3,"6":3,"7":3,"8":3,"9":3,"10":3,"11":3,"12":3,"13":3,"14":3,"15":3,"16":15,"17":15,"18":0,"19":0,"20":0,"21":3,"22":3,"23":3,"24":3,"25":3,"26":2,"27":3,"28":0,"29":0,"30":3},"f":{"0":15,"1":2,"2":0},"b":{"0":[3,0],"1":[0,3],"2":[15,0],"3":[0,0],"4":[0,3],"5":[3,3]},"_coverageSchema":"1a1c01bbd47fc00a2c39e90264f33305004495a9","hash":"2979db0dfaecf144a294486d9c0beebb4fa99a25"}
,"C:\\Users\\LENOVO\\Desktop\\Nyayacheck\\backend\\routes\\analyze.js": {"path":"C:\\Users\\LENOVO\\Desktop\\Nyayacheck\\backend\\routes\\analyze.js","statementMap":{"0":{"start":{"line":1,"column":16},"end":{"line":1,"column":34}},"1":{"start":{"line":2,"column":15},"end":{"line":2,"column":32}},"2":{"start":{"line":3,"column":40},"end":{"line":3,"column":78}},"3":{"start":{"line":4,"column":19},"end":{"line":4,"column":52}},"4":{"start":{"line":5,"column":35},"end":{"line":5,"column":63}},"5":{"start":{"line":7,"column":15},"end":{"line":7,"column":31}},"6":{"start":{"line":10,"column":15},"end":{"line":13,"column":2}},"7":{"start":{"line":19,"column":4},"end":{"line":19,"column":39}},"8":{"start":{"line":25,"column":0},"end":{"line":66,"column":3}},"9":{"start":{"line":26,"column":2},"end":{"line":65,"column":3}},"10":{"start":{"line":27,"column":4},"end":{"line":29,"column":5}},"11":{"start":{"line":28,"column":6},"end":{"line":28,"column":69}},"12":{"start":{"line":31,"column":18},"end":{"line":31,"column":20}},"13":{"start":{"line":33,"column":4},"end":{"line":37,"column":5}},"14":{"start":{"line":34,"column":6},"end":{"line":34,"column":70}},"15":{"start":{"line":36,"column":6},"end":{"line":36,"column":30}},"16":{"start":{"line":39,"column":20},"end":{"line":39,"column":43}},"17":{"start":{"line":42,"column":26},"end":{"line":42,"column":77}},"18":{"start":{"line":45,"column":22},"end":{"line":45,"column":43}},"19":{"start":{"line":46,"column":19},"end":{"line":46,"column":57}},"20":{"start":{"line":47,"column":23},"end":{"line":47,"column":68}},"21":{"start":{"line":48,"column":4},"end":{"line":48,"column":41}},"22":{"start":{"line":49,"column":4},"end":{"line":49,"column":45}},"23":{"start":{"line":51,"column":4},"end":{"line":51,"column":52}},"24":{"start":{"line":53,"column":4},"end":{"line":53,"column":42}},"25":{"start":{"line":55,"column":4},"end":{"line":63,"column":5}},"26":{"start":{"line":62,"column":6},"end":{"line":62,"column":60}},"27":{"start":{"line":64,"column":4},"end":{"line":64,"column":66}},"28":{"start":{"line":72,"column":0},"end":{"line":115,"column":2}},"29":{"start":{"line":80,"column":19},"end":{"line":80,"column":40}},"30":{"start":{"line":81,"column":4},"end":{"line":85,"column":5}},"31":{"start":{"line":82,"column":6},"end":{"line":84,"column":67}},"32":{"start":{"line":87,"column":58},"end":{"line":87,"column":66}},"33":{"start":{"line":89,"column":18},"end":{"line":89,"column":41}},"34":{"start":{"line":90,"column":4},"end":{"line":90,"column":56}},"35":{"start":{"line":90,"column":18},"end":{"line":90,"column":56}},"36":{"start":{"line":91,"column":4},"end":{"line":93,"column":5}},"37":{"start":{"line":92,"column":6},"end":{"line":92,"column":66}},"38":{"start":{"line":95,"column":19},"end":{"line":95,"column":65}},"39":{"start":{"line":95,"column":47},"end":{"line":95,"column":64}},"40":{"start":{"line":96,"column":4},"end":{"line":98,"column":5}},"41":{"start":{"line":97,"column":6},"end":{"line":97,"column":65}},"42":{"start":{"line":100,"column":4},"end":{"line":113,"column":5}},"43":{"start":{"line":102,"column":23},"end":{"line":102,"column":76}},"44":{"start":{"line":105,"column":6},"end":{"line":105,"column":41}},"45":{"start":{"line":106,"column":6},"end":{"line":106,"column":40}},"46":{"start":{"line":107,"column":6},"end":{"line":107,"column":44}},"47":{"start":{"line":109,"column":6},"end":{"line":109,"column":39}},"48":{"start":{"line":111,"column":6},"end":{"line":111,"column":46}},"49":{"start":{"line":112,"column":6},"end":{"line":112,"column":66}},"50":{"start":{"line":118,"column":0},"end":{"line":157,"column":2}},"51":{"start":{"line":126,"column":19},"end":{"line":126,"column":40}},"52":{"start":{"line":127,"column":4},"end":{"line":131,"column":5}},"53":{"start":{"line":128,"column":6},"end":{"line":130,"column":67}},"54":{"start":{"line":133,"column":4},"end":{"line":155,"column":5}},"55":{"start":{"line":134,"column":69},"end":{"line":134,"column":77}},"56":{"start":{"line":135,"column":20},"end":{"line":135,"column":43}},"57":{"start":{"line":136,"column":6},"end":{"line":136,"column":58}},"58":{"start":{"line":136,"column":20},"end":{"line":136,"column":58}},"59":{"start":{"line":139,"column":6},"end":{"line":141,"column":7}},"60":{"start":{"line":140,"column":8},"end":{"line":140,"column":30}},"61":{"start":{"line":143,"column":6},"end":{"line":144,"column":79}},"62":{"start":{"line":144,"column":8},"end":{"line":144,"column":79}},"63":{"start":{"line":146,"column":23},"end":{"line":150,"column":7}},"64":{"start":{"line":151,"column":6},"end":{"line":151,"column":77}},"65":{"start":{"line":153,"column":6},"end":{"line":153,"column":25}},"66":{"start":{"line":154,"column":6},"end":{"line":154,"column":53}},"67":{"start":{"line":160,"column":0},"end":{"line":173,"column":3}},"68":{"start":{"line":161,"column":2},"end":{"line":172,"column":3}},"69":{"start":{"line":162,"column":59},"end":{"line":162,"column":67}},"70":{"start":{"line":163,"column":20},"end":{"line":167,"column":5}},"71":{"start":{"line":168,"column":4},"end":{"line":168,"column":26}},"72":{"start":{"line":170,"column":4},"end":{"line":170,"column":23}},"73":{"start":{"line":171,"column":4},"end":{"line":171,"column":69}},"74":{"start":{"line":176,"column":0},"end":{"line":217,"column":2}},"75":{"start":{"line":183,"column":4},"end":{"line":215,"column":5}},"76":{"start":{"line":184,"column":18},"end":{"line":184,"column":20}},"77":{"start":{"line":185,"column":18},"end":{"line":185,"column":20}},"78":{"start":{"line":187,"column":6},"end":{"line":194,"column":7}},"79":{"start":{"line":188,"column":8},"end":{"line":191,"column":10}},"80":{"start":{"line":192,"column":13},"end":{"line":194,"column":7}},"81":{"start":{"line":193,"column":8},"end":{"line":193,"column":31}},"82":{"start":{"line":196,"column":6},"end":{"line":203,"column":7}},"83":{"start":{"line":197,"column":8},"end":{"line":200,"column":10}},"84":{"start":{"line":201,"column":13},"end":{"line":203,"column":7}},"85":{"start":{"line":202,"column":8},"end":{"line":202,"column":31}},"86":{"start":{"line":205,"column":6},"end":{"line":206,"column":79}},"87":{"start":{"line":206,"column":8},"end":{"line":206,"column":79}},"88":{"start":{"line":208,"column":23},"end":{"line":208,"column":70}},"89":{"start":{"line":209,"column":6},"end":{"line":209,"column":29}},"90":{"start":{"line":211,"column":6},"end":{"line":211,"column":43}},"91":{"start":{"line":212,"column":6},"end":{"line":214,"column":70}},"92":{"start":{"line":220,"column":0},"end":{"line":263,"column":3}},"93":{"start":{"line":221,"column":2},"end":{"line":262,"column":3}},"94":{"start":{"line":222,"column":26},"end":{"line":222,"column":34}},"95":{"start":{"line":223,"column":18},"end":{"line":223,"column":41}},"96":{"start":{"line":224,"column":4},"end":{"line":224,"column":56}},"97":{"start":{"line":224,"column":18},"end":{"line":224,"column":56}},"98":{"start":{"line":226,"column":4},"end":{"line":232,"column":5}},"99":{"start":{"line":227,"column":6},"end":{"line":231,"column":8}},"100":{"start":{"line":234,"column":4},"end":{"line":236,"column":5}},"101":{"start":{"line":235,"column":6},"end":{"line":235,"column":66}},"102":{"start":{"line":239,"column":27},"end":{"line":239,"column":29}},"103":{"start":{"line":240,"column":4},"end":{"line":252,"column":5}},"104":{"start":{"line":241,"column":21},"end":{"line":241,"column":45}},"105":{"start":{"line":242,"column":6},"end":{"line":246,"column":7}},"106":{"start":{"line":243,"column":8},"end":{"line":243,"column":63}},"107":{"start":{"line":244,"column":8},"end":{"line":244,"column":44}},"108":{"start":{"line":245,"column":8},"end":{"line":245,"column":46}},"109":{"start":{"line":247,"column":6},"end":{"line":251,"column":9}},"110":{"start":{"line":254,"column":29},"end":{"line":257,"column":5}},"111":{"start":{"line":258,"column":4},"end":{"line":258,"column":31}},"112":{"start":{"line":260,"column":4},"end":{"line":260,"column":48}},"113":{"start":{"line":261,"column":4},"end":{"line":261,"column":61}},"114":{"start":{"line":265,"column":0},"end":{"line":265,"column":24}}},"fnMap":{"0":{"name":"(anonymous_0)","decl":{"start":{"line":25,"column":50},"end":{"line":25,"column":51}},"loc":{"start":{"line":25,"column":70},"end":{"line":66,"column":1}},"line":25},"1":{"name":"(anonymous_1)","decl":{"start":{"line":79,"column":2},"end":{"line":79,"column":3}},"loc":{"start":{"line":79,"column":22},"end":{"line":114,"column":3}},"line":79},"2":{"name":"(anonymous_2)","decl":{"start":{"line":95,"column":40},"end":{"line":95,"column":41}},"loc":{"start":{"line":95,"column":47},"end":{"line":95,"column":64}},"line":95},"3":{"name":"(anonymous_3)","decl":{"start":{"line":125,"column":2},"end":{"line":125,"column":3}},"loc":{"start":{"line":125,"column":22},"end":{"line":156,"column":3}},"line":125},"4":{"name":"(anonymous_4)","decl":{"start":{"line":160,"column":26},"end":{"line":160,"column":27}},"loc":{"start":{"line":160,"column":46},"end":{"line":173,"column":1}},"line":160},"5":{"name":"(anonymous_5)","decl":{"start":{"line":182,"column":2},"end":{"line":182,"column":3}},"loc":{"start":{"line":182,"column":22},"end":{"line":216,"column":3}},"line":182},"6":{"name":"(anonymous_6)","decl":{"start":{"line":220,"column":31},"end":{"line":220,"column":32}},"loc":{"start":{"line":220,"column":51},"end":{"line":263,"column":1}},"line":220}},"branchMap":{"0":{"loc":{"start":{"line":27,"column":4},"end":{"line":29,"column":5}},"type":"if","locations":[{"start":{"line":27,"column":4},"end":{"line":29,"column":5}},{"start":{},"end":{}}],"line":27},"1":{"loc":{"start":{"line":27,"column":8},"end":{"line":27,"column":35}},"type":"binary-expr","locations":[{"start":{"line":27,"column":8},"end":{"line":27,"column":17}},{"start":{"line":27,"column":21},"end":{"line":27,"column":35}}],"line":27},"2":{"loc":{"start":{"line":33,"column":4},"end":{"line":37,"column":5}},"type":"if","locations":[{"start":{"line":33,"column":4},"end":{"line":37,"column":5}},{"start":{"line":35,"column":11},"end":{"line":37,"column":5}}],"line":33},"3":{"loc":{"start":{"line":46,"column":19},"end":{"line":46,"column":57}},"type":"binary-expr","locations":[{"start":{"line":46,"column":19},"end":{"line":46,"column":34}},{"start":{"line":46,"column":38},"end":{"line":46,"column":57}}],"line":46},"4":{"loc":{"start":{"line":55,"column":4},"end":{"line":63,"column":5}},"type":"if","locations":[{"start":{"line":55,"column":4},"end":{"line":63,"column":5}},{"start":{},"end":{}}],"line":55},"5":{"loc":{"start":{"line":56,"column":6},"end":{"line":60,"column":49}},"type":"binary-expr","locations":[{"start":{"line":56,"column":6},"end":{"line":56,"column":35}},{"start":{"line":57,"column":6},"end":{"line":57,"column":49}},{"start":{"line":58,"column":6},"end":{"line":58,"column":46}},{"start":{"line":59,"column":6},"end":{"line":59,"column":39}},{"start":{"line":60,"column":6},"end":{"line":60,"column":49}}],"line":56},"6":{"loc":{"start":{"line":81,"column":4},"end":{"line":85,"column":5}},"type":"if","locations":[{"start":{"line":81,"column":4},"end":{"line":85,"column":5}},{"start":{},"end":{}}],"line":81},"7":{"loc":{"start":{"line":87,"column":33},"end":{"line":87,"column":53}},"type":"default-arg","locations":[{"start":{"line":87,"column":44},"end":{"line":87,"column":53}}],"line":87},"8":{"loc":{"start":{"line":90,"column":4},"end":{"line":90,"column":56}},"type":"if","locations":[{"start":{"line":90,"column":4},"end":{"line":90,"column":56}},{"start":{},"end":{}}],"line":90},"9":{"loc":{"start":{"line":91,"column":4},"end":{"line":93,"column":5}},"type":"if","locations":[{"start":{"line":91,"column":4},"end":{"line":93,"column":5}},{"start":{},"end":{}}],"line":91},"10":{"loc":{"start":{"line":91,"column":8},"end":{"line":91,"column":30}},"type":"binary-expr","locations":[{"start":{"line":91,"column":8},"end":{"line":91,"column":18}},{"start":{"line":91,"column":22},"end":{"line":91,"column":30}}],"line":91},"11":{"loc":{"start":{"line":96,"column":4},"end":{"line":98,"column":5}},"type":"if","locations":[{"start":{"line":96,"column":4},"end":{"line":98,"column":5}},{"start":{},"end":{}}],"line":96},"12":{"loc":{"start":{"line":127,"column":4},"end":{"line":131,"column":5}},"type":"if","locations":[{"start":{"line":127,"column":4},"end":{"line":131,"column":5}},{"start":{},"end":{}}],"line":127},"13":{"loc":{"start":{"line":134,"column":35},"end":{"line":134,"column":55}},"type":"default-arg","locations":[{"start":{"line":134,"column":46},"end":{"line":134,"column":55}}],"line":134},"14":{"loc":{"start":{"line":136,"column":6},"end":{"line":136,"column":58}},"type":"if","locations":[{"start":{"line":136,"column":6},"end":{"line":136,"column":58}},{"start":{},"end":{}}],"line":136},"15":{"loc":{"start":{"line":139,"column":6},"end":{"line":141,"column":7}},"type":"if","locations":[{"start":{"line":139,"column":6},"end":{"line":141,"column":7}},{"start":{},"end":{}}],"line":139},"16":{"loc":{"start":{"line":139,"column":10},"end":{"line":139,"column":29}},"type":"binary-expr","locations":[{"start":{"line":139,"column":10},"end":{"line":139,"column":18}},{"start":{"line":139,"column":22},"end":{"line":139,"column":29}}],"line":139},"17":{"loc":{"start":{"line":143,"column":6},"end":{"line":144,"column":79}},"type":"if","locations":[{"start":{"line":143,"column":6},"end":{"line":144,"column":79}},{"start":{},"end":{}}],"line":143},"18":{"loc":{"start":{"line":143,"column":10},"end":{"line":143,"column":38}},"type":"binary-expr","locations":[{"start":{"line":143,"column":10},"end":{"line":143,"column":18}},{"start":{"line":143,"column":22},"end":{"line":143,"column":38}}],"line":143},"19":{"loc":{"start":{"line":151,"column":51},"end":{"line":151,"column":73}},"type":"binary-expr","locations":[{"start":{"line":151,"column":51},"end":{"line":151,"column":67}},{"start":{"line":151,"column":71},"end":{"line":151,"column":73}}],"line":151},"20":{"loc":{"start":{"line":162,"column":34},"end":{"line":162,"column":54}},"type":"default-arg","locations":[{"start":{"line":162,"column":45},"end":{"line":162,"column":54}}],"line":162},"21":{"loc":{"start":{"line":187,"column":6},"end":{"line":194,"column":7}},"type":"if","locations":[{"start":{"line":187,"column":6},"end":{"line":194,"column":7}},{"start":{"line":192,"column":13},"end":{"line":194,"column":7}}],"line":187},"22":{"loc":{"start":{"line":187,"column":10},"end":{"line":187,"column":38}},"type":"binary-expr","locations":[{"start":{"line":187,"column":10},"end":{"line":187,"column":19}},{"start":{"line":187,"column":23},"end":{"line":187,"column":38}}],"line":187},"23":{"loc":{"start":{"line":192,"column":13},"end":{"line":194,"column":7}},"type":"if","locations":[{"start":{"line":192,"column":13},"end":{"line":194,"column":7}},{"start":{},"end":{}}],"line":192},"24":{"loc":{"start":{"line":196,"column":6},"end":{"line":203,"column":7}},"type":"if","locations":[{"start":{"line":196,"column":6},"end":{"line":203,"column":7}},{"start":{"line":201,"column":13},"end":{"line":203,"column":7}}],"line":196},"25":{"loc":{"start":{"line":196,"column":10},"end":{"line":196,"column":38}},"type":"binary-expr","locations":[{"start":{"line":196,"column":10},"end":{"line":196,"column":19}},{"start":{"line":196,"column":23},"end":{"line":196,"column":38}}],"line":196},"26":{"loc":{"start":{"line":201,"column":13},"end":{"line":203,"column":7}},"type":"if","locations":[{"start":{"line":201,"column":13},"end":{"line":203,"column":7}},{"start":{},"end":{}}],"line":201},"27":{"loc":{"start":{"line":205,"column":6},"end":{"line":206,"column":79}},"type":"if","locations":[{"start":{"line":205,"column":6},"end":{"line":206,"column":79}},{"start":{},"end":{}}],"line":205},"28":{"loc":{"start":{"line":205,"column":10},"end":{"line":205,"column":26}},"type":"binary-expr","locations":[{"start":{"line":205,"column":10},"end":{"line":205,"column":16}},{"start":{"line":205,"column":20},"end":{"line":205,"column":26}}],"line":205},"29":{"loc":{"start":{"line":224,"column":4},"end":{"line":224,"column":56}},"type":"if","locations":[{"start":{"line":224,"column":4},"end":{"line":224,"column":56}},{"start":{},"end":{}}],"line":224},"30":{"loc":{"start":{"line":226,"column":4},"end":{"line":232,"column":5}},"type":"if","locations":[{"start":{"line":226,"column":4},"end":{"line":232,"column":5}},{"start":{},"end":{}}],"line":226},"31":{"loc":{"start":{"line":226,"column":8},"end":{"line":226,"column":54}},"type":"binary-expr","locations":[{"start":{"line":226,"column":8},"end":{"line":226,"column":16}},{"start":{"line":226,"column":20},"end":{"line":226,"column":36}},{"start":{"line":226,"column":40},"end":{"line":226,"column":54}}],"line":226},"32":{"loc":{"start":{"line":230,"column":23},"end":{"line":230,"column":51}},"type":"binary-expr","locations":[{"start":{"line":230,"column":23},"end":{"line":230,"column":45}},{"start":{"line":230,"column":49},"end":{"line":230,"column":51}}],"line":230},"33":{"loc":{"start":{"line":234,"column":4},"end":{"line":236,"column":5}},"type":"if","locations":[{"start":{"line":234,"column":4},"end":{"line":236,"column":5}},{"start":{},"end":{}}],"line":234},"34":{"loc":{"start":{"line":242,"column":6},"end":{"line":246,"column":7}},"type":"if","locations":[{"start":{"line":242,"column":6},"end":{"line":246,"column":7}},{"start":{},"end":{}}],"line":242},"35":{"loc":{"start":{"line":255,"column":6},"end":{"line":255,"column":33}},"type":"binary-expr","locations":[{"start":{"line":255,"column":6},"end":{"line":255,"column":27}},{"start":{"line":255,"column":31},"end":{"line":255,"column":33}}],"line":255}},"s":{"0":3,"1":3,"2":3,"3":3,"4":3,"5":3,"6":3,"7":3,"8":3,"9":1,"10":1,"11":0,"12":1,"13":1,"14":0,"15":1,"16":1,"17":1,"18":1,"19":1,"20":1,"21":1,"22":1,"23":1,"24":0,"25":0,"26":0,"27":0,"28":3,"29":1,"30":1,"31":0,"32":1,"33":1,"34":1,"35":0,"36":1,"37":0,"38":1,"39":1,"40":1,"41":0,"42":1,"43":1,"44":1,"45":1,"46":1,"47":1,"48":0,"49":0,"50":3,"51":1,"52":1,"53":0,"54":1,"55":1,"56":1,"57":1,"58":0,"59":1,"60":0,"61":1,"62":0,"63":1,"64":1,"65":0,"66":0,"67":3,"68":0,"69":0,"70":0,"71":0,"72":0,"73":0,"74":3,"75":0,"76":0,"77":0,"78":0,"79":0,"80":0,"81":0,"82":0,"83":0,"84":0,"85":0,"86":0,"87":0,"88":0,"89":0,"90":0,"91":0,"92":3,"93":0,"94":0,"95":0,"96":0,"97":0,"98":0,"99":0,"100":0,"101":0,"102":0,"103":0,"104":0,"105":0,"106":0,"107":0,"108":0,"109":0,"110":0,"111":0,"112":0,"113":0,"114":3},"f":{"0":1,"1":1,"2":1,"3":1,"4":0,"5":0,"6":0},"b":{"0":[0,1],"1":[1,1],"2":[0,1],"3":[1,0],"4":[0,0],"5":[0,0,0,0,0],"6":[0,1],"7":[1],"8":[0,1],"9":[0,1],"10":[1,1],"11":[0,1],"12":[0,1],"13":[1],"14":[0,1],"15":[0,1],"16":[1,0],"17":[0,1],"18":[1,1],"19":[1,0],"20":[0],"21":[0,0],"22":[0,0],"23":[0,0],"24":[0,0],"25":[0,0],"26":[0,0],"27":[0,0],"28":[0,0],"29":[0,0],"30":[0,0],"31":[0,0,0],"32":[0,0],"33":[0,0],"34":[0,0],"35":[0,0]},"_coverageSchema":"1a1c01bbd47fc00a2c39e90264f33305004495a9","hash":"39321705d5ae1b6c8e7488ab89cb89fcc4b7f450"}
,"C:\\Users\\LENOVO\\Desktop\\Nyayacheck\\backend\\routes\\voice.js": {"path":"C:\\Users\\LENOVO\\Desktop\\Nyayacheck\\backend\\routes\\voice.js","statementMap":{"0":{"start":{"line":1,"column":16},"end":{"line":1,"column":34}},"1":{"start":{"line":2,"column":15},"end":{"line":2,"column":31}},"2":{"start":{"line":3,"column":19},"end":{"line":3,"column":52}},"3":{"start":{"line":8,"column":4},"end":{"line":8,"column":39}},"4":{"start":{"line":14,"column":0},"end":{"line":35,"column":3}},"5":{"start":{"line":15,"column":2},"end":{"line":34,"column":3}},"6":{"start":{"line":16,"column":26},"end":{"line":16,"column":34}},"7":{"start":{"line":17,"column":18},"end":{"line":17,"column":41}},"8":{"start":{"line":18,"column":4},"end":{"line":18,"column":56}},"9":{"start":{"line":18,"column":18},"end":{"line":18,"column":56}},"10":{"start":{"line":19,"column":4},"end":{"line":21,"column":5}},"11":{"start":{"line":20,"column":6},"end":{"line":20,"column":66}},"12":{"start":{"line":24,"column":6},"end":{"line":24,"column":110}},"13":{"start":{"line":26,"column":4},"end":{"line":30,"column":7}},"14":{"start":{"line":32,"column":4},"end":{"line":32,"column":56}},"15":{"start":{"line":33,"column":4},"end":{"line":33,"column":73}},"16":{"start":{"line":41,"column":0},"end":{"line":45,"column":3}},"17":{"start":{"line":42,"column":24},"end":{"line":42,"column":34}},"18":{"start":{"line":43,"column":18},"end":{"line":43,"column":52}},"19":{"start":{"line":44,"column":2},"end":{"line":44,"column":35}},"20":{"start":{"line":51,"column":0},"end":{"line":168,"column":3}},"21":{"start":{"line":52,"column":2},"end":{"line":167,"column":3}},"22":{"start":{"line":53,"column":20},"end":{"line":53,"column":28}},"23":{"start":{"line":56,"column":4},"end":{"line":64,"column":5}},"24":{"start":{"line":63,"column":6},"end":{"line":63,"column":36}},"25":{"start":{"line":66,"column":20},"end":{"line":66,"column":46}},"26":{"start":{"line":67,"column":25},"end":{"line":67,"column":79}},"27":{"start":{"line":69,"column":6},"end":{"line":69,"column":76}},"28":{"start":{"line":70,"column":19},"end":{"line":70,"column":58}},"29":{"start":{"line":72,"column":4},"end":{"line":75,"column":5}},"30":{"start":{"line":73,"column":6},"end":{"line":73,"column":71}},"31":{"start":{"line":74,"column":6},"end":{"line":74,"column":78}},"32":{"start":{"line":77,"column":18},"end":{"line":77,"column":41}},"33":{"start":{"line":78,"column":4},"end":{"line":78,"column":56}},"34":{"start":{"line":78,"column":18},"end":{"line":78,"column":56}},"35":{"start":{"line":81,"column":4},"end":{"line":97,"column":5}},"36":{"start":{"line":82,"column":6},"end":{"line":84,"column":8}},"37":{"start":{"line":86,"column":6},"end":{"line":96,"column":9}},"38":{"start":{"line":99,"column":20},"end":{"line":99,"column":22}},"39":{"start":{"line":100,"column":4},"end":{"line":115,"column":5}},"40":{"start":{"line":101,"column":6},"end":{"line":101,"column":36}},"41":{"start":{"line":102,"column":11},"end":{"line":115,"column":5}},"42":{"start":{"line":103,"column":6},"end":{"line":112,"column":8}},"43":{"start":{"line":113,"column":11},"end":{"line":115,"column":5}},"44":{"start":{"line":114,"column":6},"end":{"line":114,"column":36}},"45":{"start":{"line":117,"column":20},"end":{"line":117,"column":22}},"46":{"start":{"line":119,"column":4},"end":{"line":161,"column":5}},"47":{"start":{"line":120,"column":27},"end":{"line":120,"column":67}},"48":{"start":{"line":121,"column":20},"end":{"line":121,"column":76}},"49":{"start":{"line":123,"column":6},"end":{"line":127,"column":7}},"50":{"start":{"line":124,"column":8},"end":{"line":126,"column":22}},"51":{"start":{"line":125,"column":10},"end":{"line":125,"column":40}},"52":{"start":{"line":129,"column":6},"end":{"line":129,"column":78}},"53":{"start":{"line":130,"column":23},"end":{"line":130,"column":25}},"54":{"start":{"line":132,"column":6},"end":{"line":150,"column":7}},"55":{"start":{"line":133,"column":8},"end":{"line":137,"column":10}},"56":{"start":{"line":138,"column":13},"end":{"line":150,"column":7}},"57":{"start":{"line":139,"column":8},"end":{"line":144,"column":10}},"58":{"start":{"line":145,"column":13},"end":{"line":150,"column":7}},"59":{"start":{"line":147,"column":8},"end":{"line":147,"column":41}},"60":{"start":{"line":149,"column":8},"end":{"line":149,"column":73}},"61":{"start":{"line":153,"column":6},"end":{"line":155,"column":7}},"62":{"start":{"line":154,"column":8},"end":{"line":154,"column":58}},"63":{"start":{"line":157,"column":6},"end":{"line":160,"column":9}},"64":{"start":{"line":163,"column":4},"end":{"line":163,"column":26}},"65":{"start":{"line":165,"column":4},"end":{"line":165,"column":46}},"66":{"start":{"line":166,"column":4},"end":{"line":166,"column":64}},"67":{"start":{"line":170,"column":0},"end":{"line":170,"column":24}}},"fnMap":{"0":{"name":"(anonymous_0)","decl":{"start":{"line":14,"column":25},"end":{"line":14,"column":26}},"loc":{"start":{"line":14,"column":45},"end":{"line":35,"column":1}},"line":14},"1":{"name":"(anonymous_1)","decl":{"start":{"line":41,"column":34},"end":{"line":41,"column":35}},"loc":{"start":{"line":41,"column":48},"end":{"line":45,"column":1}},"line":41},"2":{"name":"(anonymous_2)","decl":{"start":{"line":51,"column":24},"end":{"line":51,"column":25}},"loc":{"start":{"line":51,"column":44},"end":{"line":168,"column":1}},"line":51}},"branchMap":{"0":{"loc":{"start":{"line":18,"column":4},"end":{"line":18,"column":56}},"type":"if","locations":[{"start":{"line":18,"column":4},"end":{"line":18,"column":56}},{"start":{},"end":{}}],"line":18},"1":{"loc":{"start":{"line":19,"column":4},"end":{"line":21,"column":5}},"type":"if","locations":[{"start":{"line":19,"column":4},"end":{"line":21,"column":5}},{"start":{},"end":{}}],"line":19},"2":{"loc":{"start":{"line":43,"column":18},"end":{"line":43,"column":52}},"type":"binary-expr","locations":[{"start":{"line":43,"column":18},"end":{"line":43,"column":46}},{"start":{"line":43,"column":50},"end":{"line":43,"column":52}}],"line":43},"3":{"loc":{"start":{"line":56,"column":4},"end":{"line":64,"column":5}},"type":"if","locations":[{"start":{"line":56,"column":4},"end":{"line":64,"column":5}},{"start":{},"end":{}}],"line":56},"4":{"loc":{"start":{"line":57,"column":6},"end":{"line":60,"column":46}},"type":"binary-expr","locations":[{"start":{"line":57,"column":6},"end":{"line":57,"column":21}},{"start":{"line":58,"column":6},"end":{"line":58,"column":26}},{"start":{"line":59,"column":6},"end":{"line":59,"column":43}},{"start":{"line":60,"column":6},"end":{"line":60,"column":46}}],"line":57},"5":{"loc":{"start":{"line":66,"column":20},"end":{"line":66,"column":46}},"type":"binary-expr","locations":[{"start":{"line":66,"column":20},"end":{"line":66,"column":35}},{"start":{"line":66,"column":39},"end":{"line":66,"column":46}}],"line":66},"6":{"loc":{"start":{"line":67,"column":25},"end":{"line":67,"column":79}},"type":"binary-expr","locations":[{"start":{"line":67,"column":25},"end":{"line":67,"column":47}},{"start":{"line":67,"column":51},"end":{"line":67,"column":73}},{"start":{"line":67,"column":77},"end":{"line":67,"column":79}}],"line":67},"7":{"loc":{"start":{"line":69,"column":6},"end":{"line":69,"column":76}},"type":"binary-expr","locations":[{"start":{"line":69,"column":6},"end":{"line":69,"column":30}},{"start":{"line":69,"column":34},"end":{"line":69,"column":53}},{"start":{"line":69,"column":57},"end":{"line":69,"column":76}}],"line":69},"8":{"loc":{"start":{"line":70,"column":19},"end":{"line":70,"column":58}},"type":"binary-expr","locations":[{"start":{"line":70,"column":19},"end":{"line":70,"column":39}},{"start":{"line":70,"column":43},"end":{"line":70,"column":58}}],"line":70},"9":{"loc":{"start":{"line":72,"column":4},"end":{"line":75,"column":5}},"type":"if","locations":[{"start":{"line":72,"column":4},"end":{"line":75,"column":5}},{"start":{},"end":{}}],"line":72},"10":{"loc":{"start":{"line":72,"column":8},"end":{"line":72,"column":29}},"type":"binary-expr","locations":[{"start":{"line":72,"column":8},"end":{"line":72,"column":18}},{"start":{"line":72,"column":22},"end":{"line":72,"column":29}}],"line":72},"11":{"loc":{"start":{"line":78,"column":4},"end":{"line":78,"column":56}},"type":"if","locations":[{"start":{"line":78,"column":4},"end":{"line":78,"column":56}},{"start":{},"end":{}}],"line":78},"12":{"loc":{"start":{"line":81,"column":4},"end":{"line":97,"column":5}},"type":"if","locations":[{"start":{"line":81,"column":4},"end":{"line":97,"column":5}},{"start":{},"end":{}}],"line":81},"13":{"loc":{"start":{"line":81,"column":8},"end":{"line":81,"column":45}},"type":"binary-expr","locations":[{"start":{"line":81,"column":8},"end":{"line":81,"column":16}},{"start":{"line":81,"column":20},"end":{"line":81,"column":45}}],"line":81},"14":{"loc":{"start":{"line":90,"column":14},"end":{"line":90,"column":72}},"type":"binary-expr","locations":[{"start":{"line":90,"column":15},"end":{"line":90,"column":32}},{"start":{"line":90,"column":36},"end":{"line":90,"column":60}},{"start":{"line":90,"column":65},"end":{"line":90,"column":72}}],"line":90},"15":{"loc":{"start":{"line":100,"column":4},"end":{"line":115,"column":5}},"type":"if","locations":[{"start":{"line":100,"column":4},"end":{"line":115,"column":5}},{"start":{"line":102,"column":11},"end":{"line":115,"column":5}}],"line":100},"16":{"loc":{"start":{"line":100,"column":8},"end":{"line":100,"column":73}},"type":"binary-expr","locations":[{"start":{"line":100,"column":8},"end":{"line":100,"column":37}},{"start":{"line":100,"column":41},"end":{"line":100,"column":73}}],"line":100},"17":{"loc":{"start":{"line":102,"column":11},"end":{"line":115,"column":5}},"type":"if","locations":[{"start":{"line":102,"column":11},"end":{"line":115,"column":5}},{"start":{"line":113,"column":11},"end":{"line":115,"column":5}}],"line":102},"18":{"loc":{"start":{"line":105,"column":14},"end":{"line":105,"column":61}},"type":"binary-expr","locations":[{"start":{"line":105,"column":14},"end":{"line":105,"column":37}},{"start":{"line":105,"column":41},"end":{"line":105,"column":61}}],"line":105},"19":{"loc":{"start":{"line":109,"column":14},"end":{"line":109,"column":79}},"type":"binary-expr","locations":[{"start":{"line":109,"column":14},"end":{"line":109,"column":45}},{"start":{"line":109,"column":49},"end":{"line":109,"column":79}}],"line":109},"20":{"loc":{"start":{"line":113,"column":11},"end":{"line":115,"column":5}},"type":"if","locations":[{"start":{"line":113,"column":11},"end":{"line":115,"column":5}},{"start":{},"end":{}}],"line":113},"21":{"loc":{"start":{"line":120,"column":27},"end":{"line":120,"column":67}},"type":"binary-expr","locations":[{"start":{"line":120,"column":27},"end":{"line":120,"column":50}},{"start":{"line":120,"column":54},"end":{"line":120,"column":67}}],"line":120},"22":{"loc":{"start":{"line":121,"column":20},"end":{"line":121,"column":76}},"type":"binary-expr","locations":[{"start":{"line":121,"column":20},"end":{"line":121,"column":48}},{"start":{"line":121,"column":52},"end":{"line":121,"column":70}},{"start":{"line":121,"column":74},"end":{"line":121,"column":76}}],"line":121},"23":{"loc":{"start":{"line":123,"column":6},"end":{"line":127,"column":7}},"type":"if","locations":[{"start":{"line":123,"column":6},"end":{"line":127,"column":7}},{"start":{},"end":{}}],"line":123},"24":{"loc":{"start":{"line":132,"column":6},"end":{"line":150,"column":7}},"type":"if","locations":[{"start":{"line":132,"column":6},"end":{"line":150,"column":7}},{"start":{"line":138,"column":13},"end":{"line":150,"column":7}}],"line":132},"25":{"loc":{"start":{"line":135,"column":10},"end":{"line":135,"column":45}},"type":"binary-expr","locations":[{"start":{"line":135,"column":10},"end":{"line":135,"column":32}},{"start":{"line":135,"column":36},"end":{"line":135,"column":45}}],"line":135},"26":{"loc":{"start":{"line":136,"column":10},"end":{"line":136,"column":32}},"type":"binary-expr","locations":[{"start":{"line":136,"column":10},"end":{"line":136,"column":27}},{"start":{"line":136,"column":31},"end":{"line":136,"column":32}}],"line":136},"27":{"loc":{"start":{"line":138,"column":13},"end":{"line":150,"column":7}},"type":"if","locations":[{"start":{"line":138,"column":13},"end":{"line":150,"column":7}},{"start":{"line":145,"column":13},"end":{"line":150,"column":7}}],"line":138},"28":{"loc":{"start":{"line":145,"column":13},"end":{"line":150,"column":7}},"type":"if","locations":[{"start":{"line":145,"column":13},"end":{"line":150,"column":7}},{"start":{"line":148,"column":13},"end":{"line":150,"column":7}}],"line":145},"29":{"loc":{"start":{"line":153,"column":6},"end":{"line":155,"column":7}},"type":"if","locations":[{"start":{"line":153,"column":6},"end":{"line":155,"column":7}},{"start":{},"end":{}}],"line":153},"30":{"loc":{"start":{"line":153,"column":10},"end":{"line":153,"column":65}},"type":"binary-expr","locations":[{"start":{"line":153,"column":10},"end":{"line":153,"column":28}},{"start":{"line":153,"column":32},"end":{"line":153,"column":65}}],"line":153},"31":{"loc":{"start":{"line":158,"column":20},"end":{"line":158,"column":55}},"type":"binary-expr","locations":[{"start":{"line":158,"column":20},"end":{"line":158,"column":31}},{"start":{"line":158,"column":35},"end":{"line":158,"column":55}}],"line":158}},"s":{"0":3,"1":3,"2":3,"3":3,"4":3,"5":0,"6":0,"7":0,"8":0,"9":0,"10":0,"11":0,"12":0,"13":0,"14":0,"15":0,"16":3,"17":0,"18":0,"19":0,"20":3,"21":10,"22":10,"23":10,"24":0,"25":10,"26":10,"27":10,"28":10,"29":10,"30":2,"31":2,"32":8,"33":8,"34":2,"35":8,"36":3,"37":3,"38":5,"39":5,"40":5,"41":0,"42":0,"43":0,"44":0,"45":5,"46":5,"47":5,"48":5,"49":5,"50":0,"51":0,"52":5,"53":5,"54":5,"55":1,"56":4,"57":3,"58":1,"59":0,"60":1,"61":5,"62":0,"63":5,"64":5,"65":0,"66":0,"67":3},"f":{"0":0,"1":0,"2":10},"b":{"0":[0,0],"1":[0,0],"2":[0,0],"3":[0,10],"4":[10,9,9,0],"5":[10,1],"6":[10,1,1],"7":[10,2,2],"8":[10,1],"9":[2,8],"10":[10,8],"11":[2,6],"12":[3,5],"13":[8,6],"14":[3,3,0],"15":[5,0],"16":[5,5],"17":[0,0],"18":[0,0],"19":[0,0],"20":[0,0],"21":[5,0],"22":[5,0,0],"23":[0,5],"24":[1,4],"25":[1,0],"26":[1,1],"27":[3,1],"28":[0,1],"29":[0,5],"30":[5,0],"31":[5,0]},"_coverageSchema":"1a1c01bbd47fc00a2c39e90264f33305004495a9","hash":"c7ffc6e2e0f2695abd2f663d033f11fa0b6b384c"}
,"C:\\Users\\LENOVO\\Desktop\\Nyayacheck\\backend\\services\\db.js": {"path":"C:\\Users\\LENOVO\\Desktop\\Nyayacheck\\backend\\services\\db.js","statementMap":{"0":{"start":{"line":1,"column":17},"end":{"line":1,"column":30}},"1":{"start":{"line":2,"column":0},"end":{"line":2,"column":27}},"2":{"start":{"line":6,"column":13},"end":{"line":14,"column":2}},"3":{"start":{"line":16,"column":0},"end":{"line":19,"column":3}},"4":{"start":{"line":17,"column":2},"end":{"line":17,"column":56}},"5":{"start":{"line":18,"column":2},"end":{"line":18,"column":19}},"6":{"start":{"line":26,"column":2},"end":{"line":38,"column":3}},"7":{"start":{"line":26,"column":15},"end":{"line":26,"column":16}},"8":{"start":{"line":27,"column":4},"end":{"line":37,"column":5}},"9":{"start":{"line":28,"column":20},"end":{"line":28,"column":30}},"10":{"start":{"line":29,"column":18},"end":{"line":29,"column":48}},"11":{"start":{"line":30,"column":23},"end":{"line":30,"column":41}},"12":{"start":{"line":31,"column":6},"end":{"line":31,"column":72}},"13":{"start":{"line":32,"column":6},"end":{"line":32,"column":17}},"14":{"start":{"line":34,"column":6},"end":{"line":34,"column":73}},"15":{"start":{"line":35,"column":6},"end":{"line":35,"column":41}},"16":{"start":{"line":35,"column":29},"end":{"line":35,"column":41}},"17":{"start":{"line":36,"column":6},"end":{"line":36,"column":69}},"18":{"start":{"line":36,"column":33},"end":{"line":36,"column":67}},"19":{"start":{"line":45,"column":2},"end":{"line":79,"column":3}},"20":{"start":{"line":46,"column":4},"end":{"line":46,"column":67}},"21":{"start":{"line":49,"column":4},"end":{"line":58,"column":7}},"22":{"start":{"line":61,"column":4},"end":{"line":67,"column":7}},"23":{"start":{"line":70,"column":4},"end":{"line":74,"column":7}},"24":{"start":{"line":76,"column":4},"end":{"line":76,"column":68}},"25":{"start":{"line":78,"column":4},"end":{"line":78,"column":59}},"26":{"start":{"line":82,"column":0},"end":{"line":86,"column":2}}},"fnMap":{"0":{"name":"(anonymous_0)","decl":{"start":{"line":16,"column":17},"end":{"line":16,"column":18}},"loc":{"start":{"line":16,"column":34},"end":{"line":19,"column":1}},"line":16},"1":{"name":"queryWithRetry","decl":{"start":{"line":25,"column":15},"end":{"line":25,"column":29}},"loc":{"start":{"line":25,"column":73},"end":{"line":39,"column":1}},"line":25},"2":{"name":"(anonymous_2)","decl":{"start":{"line":36,"column":24},"end":{"line":36,"column":25}},"loc":{"start":{"line":36,"column":33},"end":{"line":36,"column":67}},"line":36},"3":{"name":"initDB","decl":{"start":{"line":44,"column":15},"end":{"line":44,"column":21}},"loc":{"start":{"line":44,"column":24},"end":{"line":80,"column":1}},"line":44}},"branchMap":{"0":{"loc":{"start":{"line":25,"column":44},"end":{"line":25,"column":55}},"type":"default-arg","locations":[{"start":{"line":25,"column":54},"end":{"line":25,"column":55}}],"line":25},"1":{"loc":{"start":{"line":25,"column":57},"end":{"line":25,"column":71}},"type":"default-arg","locations":[{"start":{"line":25,"column":67},"end":{"line":25,"column":71}}],"line":25},"2":{"loc":{"start":{"line":35,"column":6},"end":{"line":35,"column":41}},"type":"if","locations":[{"start":{"line":35,"column":6},"end":{"line":35,"column":41}},{"start":{},"end":{}}],"line":35}},"s":{"0":5,"1":5,"2":5,"3":5,"4":0,"5":0,"6":4,"7":4,"8":4,"9":4,"10":4,"11":4,"12":4,"13":4,"14":0,"15":0,"16":0,"17":0,"18":0,"19":0,"20":0,"21":0,"22":0,"23":0,"24":0,"25":0,"26":5},"f":{"0":0,"1":4,"2":0,"3":0},"b":{"0":[4],"1":[4],"2":[0,0]},"_coverageSchema":"1a1c01bbd47fc00a2c39e90264f33305004495a9","hash":"5b35953a06c2f15ea07ad73576d727c2fc8f5df6"}
,"C:\\Users\\LENOVO\\Desktop\\Nyayacheck\\backend\\services\\documentService.js": {"path":"C:\\Users\\LENOVO\\Desktop\\Nyayacheck\\backend\\services\\documentService.js","statementMap":{"0":{"start":{"line":1,"column":17},"end":{"line":1,"column":37}},"1":{"start":{"line":2,"column":16},"end":{"line":2,"column":34}},"2":{"start":{"line":3,"column":14},"end":{"line":3,"column":30}},"3":{"start":{"line":4,"column":17},"end":{"line":4,"column":37}},"4":{"start":{"line":10,"column":17},"end":{"line":10,"column":46}},"5":{"start":{"line":11,"column":2},"end":{"line":15,"column":3}},"6":{"start":{"line":12,"column":4},"end":{"line":14,"column":6}},"7":{"start":{"line":17,"column":2},"end":{"line":80,"column":3}},"8":{"start":{"line":18,"column":21},"end":{"line":18,"column":35}},"9":{"start":{"line":21,"column":6},"end":{"line":21,"column":70}},"10":{"start":{"line":22,"column":4},"end":{"line":22,"column":73}},"11":{"start":{"line":25,"column":4},"end":{"line":25,"column":50}},"12":{"start":{"line":26,"column":4},"end":{"line":26,"column":37}},"13":{"start":{"line":27,"column":4},"end":{"line":27,"column":39}},"14":{"start":{"line":29,"column":21},"end":{"line":40,"column":5}},"15":{"start":{"line":42,"column":17},"end":{"line":42,"column":30}},"16":{"start":{"line":45,"column":4},"end":{"line":50,"column":5}},"17":{"start":{"line":46,"column":6},"end":{"line":46,"column":70}},"18":{"start":{"line":47,"column":6},"end":{"line":49,"column":8}},"19":{"start":{"line":52,"column":4},"end":{"line":54,"column":5}},"20":{"start":{"line":53,"column":6},"end":{"line":53,"column":72}},"21":{"start":{"line":57,"column":21},"end":{"line":59,"column":13}},"22":{"start":{"line":57,"column":56},"end":{"line":57,"column":73}},"23":{"start":{"line":61,"column":4},"end":{"line":63,"column":5}},"24":{"start":{"line":62,"column":6},"end":{"line":62,"column":72}},"25":{"start":{"line":65,"column":4},"end":{"line":65,"column":20}},"26":{"start":{"line":67,"column":4},"end":{"line":72,"column":5}},"27":{"start":{"line":68,"column":6},"end":{"line":68,"column":74}},"28":{"start":{"line":69,"column":6},"end":{"line":71,"column":8}},"29":{"start":{"line":75,"column":4},"end":{"line":77,"column":5}},"30":{"start":{"line":76,"column":6},"end":{"line":76,"column":18}},"31":{"start":{"line":78,"column":4},"end":{"line":78,"column":64}},"32":{"start":{"line":79,"column":4},"end":{"line":79,"column":64}},"33":{"start":{"line":87,"column":2},"end":{"line":118,"column":3}},"34":{"start":{"line":88,"column":4},"end":{"line":105,"column":5}},"35":{"start":{"line":90,"column":19},"end":{"line":90,"column":41}},"36":{"start":{"line":91,"column":6},"end":{"line":93,"column":7}},"37":{"start":{"line":92,"column":8},"end":{"line":92,"column":32}},"38":{"start":{"line":95,"column":6},"end":{"line":97,"column":8}},"39":{"start":{"line":98,"column":6},"end":{"line":98,"column":49}},"40":{"start":{"line":100,"column":6},"end":{"line":103,"column":8}},"41":{"start":{"line":104,"column":6},"end":{"line":104,"column":49}},"42":{"start":{"line":106,"column":9},"end":{"line":118,"column":3}},"43":{"start":{"line":107,"column":4},"end":{"line":107,"column":60}},"44":{"start":{"line":108,"column":4},"end":{"line":108,"column":47}},"45":{"start":{"line":109,"column":9},"end":{"line":118,"column":3}},"46":{"start":{"line":114,"column":19},"end":{"line":114,"column":59}},"47":{"start":{"line":115,"column":4},"end":{"line":115,"column":24}},"48":{"start":{"line":116,"column":9},"end":{"line":118,"column":3}},"49":{"start":{"line":117,"column":4},"end":{"line":117,"column":36}},"50":{"start":{"line":120,"column":2},"end":{"line":120,"column":44}},"51":{"start":{"line":129,"column":20},"end":{"line":129,"column":22}},"52":{"start":{"line":132,"column":2},"end":{"line":132,"column":37}},"53":{"start":{"line":135,"column":2},"end":{"line":145,"column":3}},"54":{"start":{"line":136,"column":4},"end":{"line":136,"column":64}},"55":{"start":{"line":139,"column":7},"end":{"line":145,"column":3}},"56":{"start":{"line":140,"column":4},"end":{"line":140,"column":40}},"57":{"start":{"line":143,"column":7},"end":{"line":145,"column":3}},"58":{"start":{"line":144,"column":4},"end":{"line":144,"column":49}},"59":{"start":{"line":148,"column":2},"end":{"line":150,"column":3}},"60":{"start":{"line":149,"column":4},"end":{"line":149,"column":45}},"61":{"start":{"line":153,"column":2},"end":{"line":155,"column":3}},"62":{"start":{"line":154,"column":4},"end":{"line":154,"column":35}},"63":{"start":{"line":157,"column":18},"end":{"line":157,"column":79}},"64":{"start":{"line":157,"column":41},"end":{"line":157,"column":49}},"65":{"start":{"line":157,"column":65},"end":{"line":157,"column":78}},"66":{"start":{"line":159,"column":2},"end":{"line":161,"column":3}},"67":{"start":{"line":160,"column":4},"end":{"line":160,"column":51}},"68":{"start":{"line":163,"column":2},"end":{"line":170,"column":5}},"69":{"start":{"line":164,"column":24},"end":{"line":164,"column":66}},"70":{"start":{"line":165,"column":15},"end":{"line":165,"column":79}},"71":{"start":{"line":166,"column":4},"end":{"line":169,"column":6}},"72":{"start":{"line":173,"column":0},"end":{"line":176,"column":2}}},"fnMap":{"0":{"name":"runOcrSpace","decl":{"start":{"line":9,"column":15},"end":{"line":9,"column":26}},"loc":{"start":{"line":9,"column":45},"end":{"line":81,"column":1}},"line":9},"1":{"name":"(anonymous_1)","decl":{"start":{"line":57,"column":44},"end":{"line":57,"column":45}},"loc":{"start":{"line":57,"column":56},"end":{"line":57,"column":73}},"line":57},"2":{"name":"extractText","decl":{"start":{"line":86,"column":15},"end":{"line":86,"column":26}},"loc":{"start":{"line":86,"column":45},"end":{"line":121,"column":1}},"line":86},"3":{"name":"segmentClauses","decl":{"start":{"line":128,"column":9},"end":{"line":128,"column":23}},"loc":{"start":{"line":128,"column":30},"end":{"line":171,"column":1}},"line":128},"4":{"name":"(anonymous_4)","decl":{"start":{"line":157,"column":34},"end":{"line":157,"column":35}},"loc":{"start":{"line":157,"column":41},"end":{"line":157,"column":49}},"line":157},"5":{"name":"(anonymous_5)","decl":{"start":{"line":157,"column":58},"end":{"line":157,"column":59}},"loc":{"start":{"line":157,"column":65},"end":{"line":157,"column":78}},"line":157},"6":{"name":"(anonymous_6)","decl":{"start":{"line":163,"column":21},"end":{"line":163,"column":22}},"loc":{"start":{"line":163,"column":38},"end":{"line":170,"column":3}},"line":163}},"branchMap":{"0":{"loc":{"start":{"line":11,"column":2},"end":{"line":15,"column":3}},"type":"if","locations":[{"start":{"line":11,"column":2},"end":{"line":15,"column":3}},{"start":{},"end":{}}],"line":11},"1":{"loc":{"start":{"line":21,"column":6},"end":{"line":21,"column":70}},"type":"cond-expr","locations":[{"start":{"line":21,"column":39},"end":{"line":21,"column":53}},{"start":{"line":21,"column":56},"end":{"line":21,"column":70}}],"line":21},"2":{"loc":{"start":{"line":45,"column":4},"end":{"line":50,"column":5}},"type":"if","locations":[{"start":{"line":45,"column":4},"end":{"line":50,"column":5}},{"start":{},"end":{}}],"line":45},"3":{"loc":{"start":{"line":48,"column":61},"end":{"line":48,"column":100}},"type":"binary-expr","locations":[{"start":{"line":48,"column":61},"end":{"line":48,"column":81}},{"start":{"line":48,"column":85},"end":{"line":48,"column":100}}],"line":48},"4":{"loc":{"start":{"line":52,"column":4},"end":{"line":54,"column":5}},"type":"if","locations":[{"start":{"line":52,"column":4},"end":{"line":54,"column":5}},{"start":{},"end":{}}],"line":52},"5":{"loc":{"start":{"line":52,"column":8},"end":{"line":52,"column":62}},"type":"binary-expr","locations":[{"start":{"line":52,"column":8},"end":{"line":52,"column":27}},{"start":{"line":52,"column":31},"end":{"line":52,"column":62}}],"line":52},"6":{"loc":{"start":{"line":61,"column":4},"end":{"line":63,"column":5}},"type":"if","locations":[{"start":{"line":61,"column":4},"end":{"line":63,"column":5}},{"start":{},"end":{}}],"line":61},"7":{"loc":{"start":{"line":67,"column":4},"end":{"line":72,"column":5}},"type":"if","locations":[{"start":{"line":67,"column":4},"end":{"line":72,"column":5}},{"start":{},"end":{}}],"line":67},"8":{"loc":{"start":{"line":67,"column":8},"end":{"line":67,"column":45}},"type":"binary-expr","locations":[{"start":{"line":67,"column":8},"end":{"line":67,"column":22}},{"start":{"line":67,"column":26},"end":{"line":67,"column":45}}],"line":67},"9":{"loc":{"start":{"line":70,"column":31},"end":{"line":70,"column":71}},"type":"binary-expr","locations":[{"start":{"line":70,"column":31},"end":{"line":70,"column":56}},{"start":{"line":70,"column":60},"end":{"line":70,"column":71}}],"line":70},"10":{"loc":{"start":{"line":75,"column":4},"end":{"line":77,"column":5}},"type":"if","locations":[{"start":{"line":75,"column":4},"end":{"line":77,"column":5}},{"start":{},"end":{}}],"line":75},"11":{"loc":{"start":{"line":75,"column":8},"end":{"line":75,"column":74}},"type":"binary-expr","locations":[{"start":{"line":75,"column":8},"end":{"line":75,"column":37}},{"start":{"line":75,"column":41},"end":{"line":75,"column":74}}],"line":75},"12":{"loc":{"start":{"line":87,"column":2},"end":{"line":118,"column":3}},"type":"if","locations":[{"start":{"line":87,"column":2},"end":{"line":118,"column":3}},{"start":{"line":106,"column":9},"end":{"line":118,"column":3}}],"line":87},"13":{"loc":{"start":{"line":91,"column":6},"end":{"line":93,"column":7}},"type":"if","locations":[{"start":{"line":91,"column":6},"end":{"line":93,"column":7}},{"start":{},"end":{}}],"line":91},"14":{"loc":{"start":{"line":91,"column":10},"end":{"line":91,"column":52}},"type":"binary-expr","locations":[{"start":{"line":91,"column":10},"end":{"line":91,"column":19}},{"start":{"line":91,"column":23},"end":{"line":91,"column":52}}],"line":91},"15":{"loc":{"start":{"line":106,"column":9},"end":{"line":118,"column":3}},"type":"if","locations":[{"start":{"line":106,"column":9},"end":{"line":118,"column":3}},{"start":{"line":109,"column":9},"end":{"line":118,"column":3}}],"line":106},"16":{"loc":{"start":{"line":109,"column":9},"end":{"line":118,"column":3}},"type":"if","locations":[{"start":{"line":109,"column":9},"end":{"line":118,"column":3}},{"start":{"line":116,"column":9},"end":{"line":118,"column":3}}],"line":109},"17":{"loc":{"start":{"line":110,"column":4},"end":{"line":112,"column":37}},"type":"binary-expr","locations":[{"start":{"line":110,"column":4},"end":{"line":111,"column":79}},{"start":{"line":112,"column":4},"end":{"line":112,"column":37}}],"line":110},"18":{"loc":{"start":{"line":116,"column":9},"end":{"line":118,"column":3}},"type":"if","locations":[{"start":{"line":116,"column":9},"end":{"line":118,"column":3}},{"start":{},"end":{}}],"line":116},"19":{"loc":{"start":{"line":135,"column":2},"end":{"line":145,"column":3}},"type":"if","locations":[{"start":{"line":135,"column":2},"end":{"line":145,"column":3}},{"start":{"line":139,"column":7},"end":{"line":145,"column":3}}],"line":135},"20":{"loc":{"start":{"line":139,"column":7},"end":{"line":145,"column":3}},"type":"if","locations":[{"start":{"line":139,"column":7},"end":{"line":145,"column":3}},{"start":{"line":143,"column":7},"end":{"line":145,"column":3}}],"line":139},"21":{"loc":{"start":{"line":143,"column":7},"end":{"line":145,"column":3}},"type":"if","locations":[{"start":{"line":143,"column":7},"end":{"line":145,"column":3}},{"start":{},"end":{}}],"line":143},"22":{"loc":{"start":{"line":148,"column":2},"end":{"line":150,"column":3}},"type":"if","locations":[{"start":{"line":148,"column":2},"end":{"line":150,"column":3}},{"start":{},"end":{}}],"line":148},"23":{"loc":{"start":{"line":153,"column":2},"end":{"line":155,"column":3}},"type":"if","locations":[{"start":{"line":153,"column":2},"end":{"line":155,"column":3}},{"start":{},"end":{}}],"line":153},"24":{"loc":{"start":{"line":153,"column":6},"end":{"line":153,"column":50}},"type":"binary-expr","locations":[{"start":{"line":153,"column":6},"end":{"line":153,"column":29}},{"start":{"line":153,"column":33},"end":{"line":153,"column":50}}],"line":153},"25":{"loc":{"start":{"line":159,"column":2},"end":{"line":161,"column":3}},"type":"if","locations":[{"start":{"line":159,"column":2},"end":{"line":161,"column":3}},{"start":{},"end":{}}],"line":159},"26":{"loc":{"start":{"line":165,"column":15},"end":{"line":165,"column":79}},"type":"cond-expr","locations":[{"start":{"line":165,"column":29},"end":{"line":165,"column":55}},{"start":{"line":165,"column":58},"end":{"line":165,"column":79}}],"line":165}},"s":{"0":4,"1":4,"2":4,"3":4,"4":0,"5":0,"6":0,"7":0,"8":0,"9":0,"10":0,"11":0,"12":0,"13":0,"14":0,"15":0,"16":0,"17":0,"18":0,"19":0,"20":0,"21":0,"22":0,"23":0,"24":0,"25":0,"26":0,"27":0,"28":0,"29":0,"30":0,"31":0,"32":0,"33":0,"34":0,"35":0,"36":0,"37":0,"38":0,"39":0,"40":0,"41":0,"42":0,"43":0,"44":0,"45":0,"46":0,"47":0,"48":0,"49":0,"50":0,"51":5,"52":5,"53":5,"54":0,"55":5,"56":1,"57":4,"58":1,"59":5,"60":3,"61":5,"62":0,"63":5,"64":8,"65":8,"66":5,"67":2,"68":3,"69":6,"70":6,"71":6,"72":4},"f":{"0":0,"1":0,"2":0,"3":5,"4":8,"5":8,"6":6},"b":{"0":[0,0],"1":[0,0],"2":[0,0],"3":[0,0],"4":[0,0],"5":[0,0],"6":[0,0],"7":[0,0],"8":[0,0],"9":[0,0],"10":[0,0],"11":[0,0],"12":[0,0],"13":[0,0],"14":[0,0],"15":[0,0],"16":[0,0],"17":[0,0],"18":[0,0],"19":[0,5],"20":[1,4],"21":[1,3],"22":[3,2],"23":[0,5],"24":[5,3],"25":[2,3],"26":[0,6]},"_coverageSchema":"1a1c01bbd47fc00a2c39e90264f33305004495a9","hash":"c9aaa1323cefb3dea6853e94571857df6a44bc2f"}
,"C:\\Users\\LENOVO\\Desktop\\Nyayacheck\\backend\\services\\ragService.js": {"path":"C:\\Users\\LENOVO\\Desktop\\Nyayacheck\\backend\\services\\ragService.js","statementMap":{"0":{"start":{"line":1,"column":27},"end":{"line":1,"column":42}},"1":{"start":{"line":2,"column":19},"end":{"line":2,"column":36}},"2":{"start":{"line":3,"column":18},"end":{"line":3,"column":39}},"3":{"start":{"line":4,"column":0},"end":{"line":4,"column":27}},"4":{"start":{"line":7,"column":17},"end":{"line":7,"column":48}},"5":{"start":{"line":9,"column":27},"end":{"line":9,"column":57}},"6":{"start":{"line":11,"column":2},"end":{"line":11,"column":70}},"7":{"start":{"line":13,"column":19},"end":{"line":16,"column":2}},"8":{"start":{"line":19,"column":2},"end":{"line":19,"column":62}},"9":{"start":{"line":19,"column":49},"end":{"line":19,"column":62}},"10":{"start":{"line":20,"column":2},"end":{"line":20,"column":54}},"11":{"start":{"line":20,"column":41},"end":{"line":20,"column":54}},"12":{"start":{"line":21,"column":2},"end":{"line":25,"column":17}},"13":{"start":{"line":25,"column":4},"end":{"line":25,"column":17}},"14":{"start":{"line":26,"column":2},"end":{"line":26,"column":61}},"15":{"start":{"line":26,"column":48},"end":{"line":26,"column":61}},"16":{"start":{"line":27,"column":2},"end":{"line":27,"column":57}},"17":{"start":{"line":27,"column":44},"end":{"line":27,"column":57}},"18":{"start":{"line":28,"column":2},"end":{"line":28,"column":64}},"19":{"start":{"line":28,"column":51},"end":{"line":28,"column":64}},"20":{"start":{"line":29,"column":2},"end":{"line":30,"column":17}},"21":{"start":{"line":30,"column":4},"end":{"line":30,"column":17}},"22":{"start":{"line":31,"column":2},"end":{"line":35,"column":17}},"23":{"start":{"line":35,"column":4},"end":{"line":35,"column":17}},"24":{"start":{"line":36,"column":2},"end":{"line":36,"column":14}},"25":{"start":{"line":40,"column":2},"end":{"line":40,"column":53}},"26":{"start":{"line":40,"column":41},"end":{"line":40,"column":53}},"27":{"start":{"line":41,"column":16},"end":{"line":46,"column":11}},"28":{"start":{"line":47,"column":2},"end":{"line":49,"column":16}},"29":{"start":{"line":48,"column":4},"end":{"line":48,"column":29}},"30":{"start":{"line":51,"column":16},"end":{"line":51,"column":41}},"31":{"start":{"line":52,"column":2},"end":{"line":56,"column":3}},"32":{"start":{"line":53,"column":4},"end":{"line":55,"column":18}},"33":{"start":{"line":54,"column":6},"end":{"line":54,"column":34}},"34":{"start":{"line":57,"column":2},"end":{"line":57,"column":14}},"35":{"start":{"line":62,"column":2},"end":{"line":69,"column":3}},"36":{"start":{"line":63,"column":25},"end":{"line":63,"column":61}},"37":{"start":{"line":64,"column":4},"end":{"line":64,"column":46}},"38":{"start":{"line":65,"column":4},"end":{"line":68,"column":6}},"39":{"start":{"line":70,"column":17},"end":{"line":70,"column":75}},"40":{"start":{"line":71,"column":2},"end":{"line":71,"column":50}},"41":{"start":{"line":80,"column":23},"end":{"line":93,"column":102}},"42":{"start":{"line":93,"column":27},"end":{"line":93,"column":86}},"43":{"start":{"line":95,"column":2},"end":{"line":132,"column":3}},"44":{"start":{"line":96,"column":19},"end":{"line":104,"column":6}},"45":{"start":{"line":106,"column":22},"end":{"line":106,"column":24}},"46":{"start":{"line":107,"column":4},"end":{"line":110,"column":5}},"47":{"start":{"line":108,"column":22},"end":{"line":108,"column":54}},"48":{"start":{"line":109,"column":6},"end":{"line":109,"column":42}},"49":{"start":{"line":109,"column":19},"end":{"line":109,"column":42}},"50":{"start":{"line":112,"column":19},"end":{"line":112,"column":47}},"51":{"start":{"line":113,"column":4},"end":{"line":114,"column":55}},"52":{"start":{"line":114,"column":6},"end":{"line":114,"column":55}},"53":{"start":{"line":116,"column":4},"end":{"line":116,"column":18}},"54":{"start":{"line":118,"column":4},"end":{"line":119,"column":74}},"55":{"start":{"line":119,"column":6},"end":{"line":119,"column":74}},"56":{"start":{"line":120,"column":4},"end":{"line":131,"column":6}},"57":{"start":{"line":136,"column":23},"end":{"line":136,"column":57}},"58":{"start":{"line":137,"column":22},"end":{"line":137,"column":24}},"59":{"start":{"line":138,"column":2},"end":{"line":159,"column":3}},"60":{"start":{"line":139,"column":16},"end":{"line":155,"column":5}},"61":{"start":{"line":156,"column":4},"end":{"line":156,"column":29}},"62":{"start":{"line":158,"column":4},"end":{"line":158,"column":56}},"63":{"start":{"line":161,"column":2},"end":{"line":181,"column":3}},"64":{"start":{"line":162,"column":4},"end":{"line":180,"column":6}},"65":{"start":{"line":183,"column":17},"end":{"line":188,"column":3}},"66":{"start":{"line":189,"column":2},"end":{"line":191,"column":3}},"67":{"start":{"line":190,"column":4},"end":{"line":190,"column":66}},"68":{"start":{"line":192,"column":2},"end":{"line":192,"column":16}},"69":{"start":{"line":197,"column":4},"end":{"line":204,"column":110}},"70":{"start":{"line":206,"column":2},"end":{"line":242,"column":3}},"71":{"start":{"line":207,"column":19},"end":{"line":217,"column":6}},"72":{"start":{"line":219,"column":22},"end":{"line":219,"column":24}},"73":{"start":{"line":220,"column":4},"end":{"line":223,"column":5}},"74":{"start":{"line":221,"column":22},"end":{"line":221,"column":54}},"75":{"start":{"line":222,"column":6},"end":{"line":222,"column":42}},"76":{"start":{"line":222,"column":19},"end":{"line":222,"column":42}},"77":{"start":{"line":226,"column":18},"end":{"line":228,"column":52}},"78":{"start":{"line":228,"column":18},"end":{"line":228,"column":51}},"79":{"start":{"line":230,"column":4},"end":{"line":238,"column":5}},"80":{"start":{"line":231,"column":6},"end":{"line":237,"column":8}},"81":{"start":{"line":239,"column":4},"end":{"line":239,"column":22}},"82":{"start":{"line":241,"column":4},"end":{"line":241,"column":22}},"83":{"start":{"line":251,"column":22},"end":{"line":251,"column":24}},"84":{"start":{"line":252,"column":2},"end":{"line":272,"column":18}},"85":{"start":{"line":253,"column":25},"end":{"line":253,"column":57}},"86":{"start":{"line":254,"column":16},"end":{"line":270,"column":5}},"87":{"start":{"line":271,"column":4},"end":{"line":271,"column":29}},"88":{"start":{"line":274,"column":22},"end":{"line":274,"column":75}},"89":{"start":{"line":274,"column":57},"end":{"line":274,"column":63}},"90":{"start":{"line":275,"column":19},"end":{"line":277,"column":17}},"91":{"start":{"line":276,"column":16},"end":{"line":276,"column":69}},"92":{"start":{"line":279,"column":17},"end":{"line":299,"column":27}},"93":{"start":{"line":301,"column":2},"end":{"line":340,"column":3}},"94":{"start":{"line":302,"column":21},"end":{"line":306,"column":6}},"95":{"start":{"line":308,"column":22},"end":{"line":308,"column":67}},"96":{"start":{"line":311,"column":19},"end":{"line":311,"column":47}},"97":{"start":{"line":312,"column":4},"end":{"line":317,"column":5}},"98":{"start":{"line":313,"column":6},"end":{"line":316,"column":8}},"99":{"start":{"line":320,"column":22},"end":{"line":323,"column":13}},"100":{"start":{"line":324,"column":4},"end":{"line":326,"column":5}},"101":{"start":{"line":325,"column":6},"end":{"line":325,"column":48}},"102":{"start":{"line":328,"column":4},"end":{"line":332,"column":6}},"103":{"start":{"line":334,"column":4},"end":{"line":334,"column":60}},"104":{"start":{"line":335,"column":4},"end":{"line":339,"column":6}},"105":{"start":{"line":349,"column":17},"end":{"line":361,"column":41}},"106":{"start":{"line":363,"column":19},"end":{"line":366,"column":4}},"107":{"start":{"line":368,"column":2},"end":{"line":368,"column":53}},"108":{"start":{"line":373,"column":17},"end":{"line":393,"column":2}},"109":{"start":{"line":395,"column":2},"end":{"line":411,"column":3}},"110":{"start":{"line":396,"column":21},"end":{"line":400,"column":6}},"111":{"start":{"line":402,"column":22},"end":{"line":402,"column":67}},"112":{"start":{"line":403,"column":19},"end":{"line":403,"column":47}},"113":{"start":{"line":404,"column":4},"end":{"line":406,"column":5}},"114":{"start":{"line":405,"column":6},"end":{"line":405,"column":20}},"115":{"start":{"line":407,"column":4},"end":{"line":407,"column":31}},"116":{"start":{"line":409,"column":4},"end":{"line":409,"column":55}},"117":{"start":{"line":410,"column":4},"end":{"line":410,"column":31}},"118":{"start":{"line":416,"column":17},"end":{"line":434,"column":82}},"119":{"start":{"line":436,"column":2},"end":{"line":452,"column":3}},"120":{"start":{"line":437,"column":21},"end":{"line":441,"column":6}},"121":{"start":{"line":443,"column":22},"end":{"line":443,"column":67}},"122":{"start":{"line":444,"column":19},"end":{"line":444,"column":47}},"123":{"start":{"line":445,"column":4},"end":{"line":447,"column":5}},"124":{"start":{"line":446,"column":6},"end":{"line":446,"column":35}},"125":{"start":{"line":448,"column":4},"end":{"line":448,"column":14}},"126":{"start":{"line":450,"column":4},"end":{"line":450,"column":62}},"127":{"start":{"line":451,"column":4},"end":{"line":451,"column":14}},"128":{"start":{"line":457,"column":19},"end":{"line":459,"column":3}},"129":{"start":{"line":458,"column":11},"end":{"line":458,"column":43}},"130":{"start":{"line":460,"column":24},"end":{"line":462,"column":3}},"131":{"start":{"line":461,"column":11},"end":{"line":461,"column":48}},"132":{"start":{"line":463,"column":21},"end":{"line":465,"column":3}},"133":{"start":{"line":464,"column":11},"end":{"line":464,"column":45}},"134":{"start":{"line":467,"column":28},"end":{"line":467,"column":37}},"135":{"start":{"line":468,"column":2},"end":{"line":476,"column":5}},"136":{"start":{"line":469,"column":4},"end":{"line":475,"column":5}},"137":{"start":{"line":474,"column":6},"end":{"line":474,"column":50}},"138":{"start":{"line":477,"column":2},"end":{"line":484,"column":5}},"139":{"start":{"line":478,"column":4},"end":{"line":483,"column":5}},"140":{"start":{"line":482,"column":6},"end":{"line":482,"column":66}},"141":{"start":{"line":487,"column":4},"end":{"line":487,"column":73}},"142":{"start":{"line":489,"column":17},"end":{"line":538,"column":2}},"143":{"start":{"line":499,"column":23},"end":{"line":505,"column":3}},"144":{"start":{"line":512,"column":48},"end":{"line":518,"column":3}},"145":{"start":{"line":540,"column":2},"end":{"line":570,"column":3}},"146":{"start":{"line":541,"column":21},"end":{"line":545,"column":6}},"147":{"start":{"line":547,"column":22},"end":{"line":547,"column":67}},"148":{"start":{"line":548,"column":19},"end":{"line":548,"column":47}},"149":{"start":{"line":549,"column":4},"end":{"line":551,"column":5}},"150":{"start":{"line":550,"column":6},"end":{"line":550,"column":30}},"151":{"start":{"line":552,"column":4},"end":{"line":559,"column":6}},"152":{"start":{"line":561,"column":4},"end":{"line":561,"column":62}},"153":{"start":{"line":562,"column":4},"end":{"line":569,"column":6}},"154":{"start":{"line":574,"column":26},"end":{"line":577,"column":3}},"155":{"start":{"line":580,"column":29},"end":{"line":580,"column":31}},"156":{"start":{"line":582,"column":27},"end":{"line":586,"column":3}},"157":{"start":{"line":584,"column":6},"end":{"line":585,"column":48}},"158":{"start":{"line":587,"column":2},"end":{"line":594,"column":3}},"159":{"start":{"line":588,"column":4},"end":{"line":593,"column":7}},"160":{"start":{"line":597,"column":2},"end":{"line":602,"column":5}},"161":{"start":{"line":604,"column":2},"end":{"line":632,"column":4}},"162":{"start":{"line":611,"column":15},"end":{"line":611,"column":47}},"163":{"start":{"line":614,"column":15},"end":{"line":614,"column":49}},"164":{"start":{"line":620,"column":48},"end":{"line":630,"column":5}},"165":{"start":{"line":640,"column":19},"end":{"line":642,"column":3}},"166":{"start":{"line":641,"column":11},"end":{"line":641,"column":57}},"167":{"start":{"line":643,"column":21},"end":{"line":645,"column":3}},"168":{"start":{"line":644,"column":11},"end":{"line":644,"column":59}},"169":{"start":{"line":646,"column":21},"end":{"line":646,"column":61}},"170":{"start":{"line":648,"column":26},"end":{"line":660,"column":3}},"171":{"start":{"line":649,"column":45},"end":{"line":652,"column":5}},"172":{"start":{"line":653,"column":43},"end":{"line":659,"column":5}},"173":{"start":{"line":662,"column":17},"end":{"line":672,"column":70}},"174":{"start":{"line":674,"column":2},"end":{"line":713,"column":3}},"175":{"start":{"line":675,"column":21},"end":{"line":678,"column":6}},"176":{"start":{"line":680,"column":25},"end":{"line":680,"column":67}},"177":{"start":{"line":683,"column":20},"end":{"line":683,"column":22}},"178":{"start":{"line":684,"column":4},"end":{"line":696,"column":7}},"179":{"start":{"line":685,"column":6},"end":{"line":691,"column":7}},"180":{"start":{"line":690,"column":8},"end":{"line":690,"column":71}},"181":{"start":{"line":692,"column":6},"end":{"line":695,"column":9}},"182":{"start":{"line":697,"column":4},"end":{"line":699,"column":5}},"183":{"start":{"line":697,"column":34},"end":{"line":697,"column":66}},"184":{"start":{"line":698,"column":6},"end":{"line":698,"column":80}},"185":{"start":{"line":701,"column":4},"end":{"line":705,"column":6}},"186":{"start":{"line":707,"column":4},"end":{"line":707,"column":59}},"187":{"start":{"line":708,"column":4},"end":{"line":712,"column":6}},"188":{"start":{"line":720,"column":2},"end":{"line":722,"column":3}},"189":{"start":{"line":721,"column":4},"end":{"line":721,"column":54}},"190":{"start":{"line":724,"column":19},"end":{"line":726,"column":11}},"191":{"start":{"line":727,"column":2},"end":{"line":747,"column":3}},"192":{"start":{"line":733,"column":28},"end":{"line":738,"column":17}},"193":{"start":{"line":735,"column":21},"end":{"line":735,"column":63}},"194":{"start":{"line":736,"column":8},"end":{"line":736,"column":133}},"195":{"start":{"line":740,"column":4},"end":{"line":746,"column":6}},"196":{"start":{"line":750,"column":26},"end":{"line":750,"column":57}},"197":{"start":{"line":752,"column":21},"end":{"line":760,"column":4}},"198":{"start":{"line":753,"column":19},"end":{"line":755,"column":29}},"199":{"start":{"line":756,"column":4},"end":{"line":759,"column":6}},"200":{"start":{"line":762,"column":2},"end":{"line":768,"column":3}},"201":{"start":{"line":764,"column":16},"end":{"line":764,"column":45}},"202":{"start":{"line":765,"column":4},"end":{"line":767,"column":5}},"203":{"start":{"line":766,"column":6},"end":{"line":766,"column":46}},"204":{"start":{"line":770,"column":2},"end":{"line":775,"column":3}},"205":{"start":{"line":771,"column":4},"end":{"line":774,"column":6}},"206":{"start":{"line":777,"column":17},"end":{"line":777,"column":70}},"207":{"start":{"line":778,"column":2},"end":{"line":781,"column":3}},"208":{"start":{"line":779,"column":4},"end":{"line":779,"column":54}},"209":{"start":{"line":780,"column":4},"end":{"line":780,"column":65}},"210":{"start":{"line":780,"column":23},"end":{"line":780,"column":65}},"211":{"start":{"line":783,"column":21},"end":{"line":788,"column":3}},"212":{"start":{"line":789,"column":2},"end":{"line":795,"column":3}},"213":{"start":{"line":794,"column":4},"end":{"line":794,"column":68}},"214":{"start":{"line":797,"column":2},"end":{"line":808,"column":4}},"215":{"start":{"line":820,"column":2},"end":{"line":820,"column":55}},"216":{"start":{"line":820,"column":16},"end":{"line":820,"column":55}},"217":{"start":{"line":822,"column":19},"end":{"line":822,"column":21}},"218":{"start":{"line":823,"column":18},"end":{"line":823,"column":20}},"219":{"start":{"line":826,"column":19},"end":{"line":826,"column":46}},"220":{"start":{"line":827,"column":2},"end":{"line":845,"column":5}},"221":{"start":{"line":828,"column":4},"end":{"line":842,"column":7}},"222":{"start":{"line":843,"column":4},"end":{"line":844,"column":80}},"223":{"start":{"line":844,"column":6},"end":{"line":844,"column":80}},"224":{"start":{"line":847,"column":2},"end":{"line":871,"column":3}},"225":{"start":{"line":848,"column":4},"end":{"line":870,"column":5}},"226":{"start":{"line":849,"column":19},"end":{"line":849,"column":43}},"227":{"start":{"line":850,"column":6},"end":{"line":869,"column":7}},"228":{"start":{"line":854,"column":8},"end":{"line":867,"column":11}},"229":{"start":{"line":868,"column":8},"end":{"line":868,"column":63}},"230":{"start":{"line":874,"column":2},"end":{"line":878,"column":5}},"231":{"start":{"line":875,"column":4},"end":{"line":875,"column":66}},"232":{"start":{"line":875,"column":56},"end":{"line":875,"column":66}},"233":{"start":{"line":876,"column":4},"end":{"line":876,"column":65}},"234":{"start":{"line":876,"column":56},"end":{"line":876,"column":65}},"235":{"start":{"line":877,"column":4},"end":{"line":877,"column":13}},"236":{"start":{"line":880,"column":26},"end":{"line":880,"column":53}},"237":{"start":{"line":882,"column":2},"end":{"line":888,"column":3}},"238":{"start":{"line":883,"column":4},"end":{"line":887,"column":6}},"239":{"start":{"line":890,"column":2},"end":{"line":893,"column":4}},"240":{"start":{"line":906,"column":2},"end":{"line":906,"column":55}},"241":{"start":{"line":906,"column":16},"end":{"line":906,"column":55}},"242":{"start":{"line":907,"column":2},"end":{"line":908,"column":46}},"243":{"start":{"line":908,"column":4},"end":{"line":908,"column":46}},"244":{"start":{"line":910,"column":26},"end":{"line":912,"column":17}},"245":{"start":{"line":911,"column":16},"end":{"line":911,"column":43}},"246":{"start":{"line":915,"column":17},"end":{"line":948,"column":2}},"247":{"start":{"line":950,"column":19},"end":{"line":950,"column":110}},"248":{"start":{"line":951,"column":25},"end":{"line":951,"column":47}},"249":{"start":{"line":952,"column":2},"end":{"line":955,"column":3}},"250":{"start":{"line":953,"column":4},"end":{"line":953,"column":62}},"251":{"start":{"line":954,"column":4},"end":{"line":954,"column":26}},"252":{"start":{"line":957,"column":2},"end":{"line":991,"column":3}},"253":{"start":{"line":958,"column":21},"end":{"line":962,"column":6}},"254":{"start":{"line":964,"column":22},"end":{"line":964,"column":67}},"255":{"start":{"line":965,"column":19},"end":{"line":965,"column":47}},"256":{"start":{"line":966,"column":4},"end":{"line":978,"column":5}},"257":{"start":{"line":967,"column":6},"end":{"line":975,"column":7}},"258":{"start":{"line":971,"column":8},"end":{"line":974,"column":12}},"259":{"start":{"line":971,"column":60},"end":{"line":974,"column":9}},"260":{"start":{"line":976,"column":6},"end":{"line":976,"column":37}},"261":{"start":{"line":977,"column":6},"end":{"line":977,"column":20}},"262":{"start":{"line":979,"column":4},"end":{"line":983,"column":6}},"263":{"start":{"line":985,"column":4},"end":{"line":985,"column":70}},"264":{"start":{"line":986,"column":4},"end":{"line":990,"column":6}},"265":{"start":{"line":998,"column":12},"end":{"line":998,"column":35}},"266":{"start":{"line":999,"column":16},"end":{"line":999,"column":43}},"267":{"start":{"line":1002,"column":2},"end":{"line":1005,"column":3}},"268":{"start":{"line":1003,"column":14},"end":{"line":1003,"column":43}},"269":{"start":{"line":1004,"column":4},"end":{"line":1004,"column":19}},"270":{"start":{"line":1007,"column":27},"end":{"line":1007,"column":57}},"271":{"start":{"line":1008,"column":22},"end":{"line":1008,"column":24}},"272":{"start":{"line":1011,"column":2},"end":{"line":1027,"column":3}},"273":{"start":{"line":1012,"column":4},"end":{"line":1026,"column":5}},"274":{"start":{"line":1013,"column":18},"end":{"line":1022,"column":7}},"275":{"start":{"line":1023,"column":6},"end":{"line":1023,"column":31}},"276":{"start":{"line":1025,"column":6},"end":{"line":1025,"column":65}},"277":{"start":{"line":1030,"column":2},"end":{"line":1052,"column":3}},"278":{"start":{"line":1031,"column":23},"end":{"line":1031,"column":49}},"279":{"start":{"line":1032,"column":4},"end":{"line":1034,"column":5}},"280":{"start":{"line":1033,"column":6},"end":{"line":1033,"column":57}},"281":{"start":{"line":1035,"column":25},"end":{"line":1035,"column":59}},"282":{"start":{"line":1036,"column":4},"end":{"line":1051,"column":5}},"283":{"start":{"line":1037,"column":18},"end":{"line":1047,"column":7}},"284":{"start":{"line":1048,"column":6},"end":{"line":1048,"column":31}},"285":{"start":{"line":1050,"column":6},"end":{"line":1050,"column":68}},"286":{"start":{"line":1054,"column":18},"end":{"line":1057,"column":5}},"287":{"start":{"line":1054,"column":44},"end":{"line":1057,"column":3}},"288":{"start":{"line":1059,"column":2},"end":{"line":1068,"column":4}},"289":{"start":{"line":1062,"column":41},"end":{"line":1066,"column":5}},"290":{"start":{"line":1071,"column":0},"end":{"line":1084,"column":2}}},"fnMap":{"0":{"name":"validateSchema","decl":{"start":{"line":18,"column":9},"end":{"line":18,"column":23}},"loc":{"start":{"line":18,"column":30},"end":{"line":37,"column":1}},"line":18},"1":{"name":"safeExtractJson","decl":{"start":{"line":39,"column":9},"end":{"line":39,"column":24}},"loc":{"start":{"line":39,"column":31},"end":{"line":58,"column":1}},"line":39},"2":{"name":"getRealEmbedding","decl":{"start":{"line":61,"column":15},"end":{"line":61,"column":31}},"loc":{"start":{"line":61,"column":38},"end":{"line":72,"column":1}},"line":61},"3":{"name":"analyzeClauseWithLLM","decl":{"start":{"line":74,"column":15},"end":{"line":74,"column":35}},"loc":{"start":{"line":79,"column":2},"end":{"line":133,"column":1}},"line":79},"4":{"name":"(anonymous_4)","decl":{"start":{"line":93,"column":20},"end":{"line":93,"column":21}},"loc":{"start":{"line":93,"column":27},"end":{"line":93,"column":86}},"line":93},"5":{"name":"processClause","decl":{"start":{"line":135,"column":15},"end":{"line":135,"column":28}},"loc":{"start":{"line":135,"column":63},"end":{"line":193,"column":1}},"line":135},"6":{"name":"translateLLMResult","decl":{"start":{"line":195,"column":15},"end":{"line":195,"column":33}},"loc":{"start":{"line":195,"column":68},"end":{"line":243,"column":1}},"line":195},"7":{"name":"(anonymous_7)","decl":{"start":{"line":228,"column":11},"end":{"line":228,"column":12}},"loc":{"start":{"line":228,"column":18},"end":{"line":228,"column":51}},"line":228},"8":{"name":"generateChatResponse","decl":{"start":{"line":246,"column":15},"end":{"line":246,"column":35}},"loc":{"start":{"line":250,"column":2},"end":{"line":341,"column":1}},"line":250},"9":{"name":"(anonymous_9)","decl":{"start":{"line":274,"column":50},"end":{"line":274,"column":51}},"loc":{"start":{"line":274,"column":57},"end":{"line":274,"column":63}},"line":274},"10":{"name":"(anonymous_10)","decl":{"start":{"line":276,"column":9},"end":{"line":276,"column":10}},"loc":{"start":{"line":276,"column":16},"end":{"line":276,"column":69}},"line":276},"11":{"name":"generateNegotiationMessage","decl":{"start":{"line":344,"column":15},"end":{"line":344,"column":41}},"loc":{"start":{"line":348,"column":2},"end":{"line":369,"column":1}},"line":348},"12":{"name":"compareDocuments","decl":{"start":{"line":372,"column":15},"end":{"line":372,"column":31}},"loc":{"start":{"line":372,"column":46},"end":{"line":412,"column":1}},"line":372},"13":{"name":"analyzeDocumentLevelRisks","decl":{"start":{"line":415,"column":15},"end":{"line":415,"column":40}},"loc":{"start":{"line":415,"column":55},"end":{"line":453,"column":1}},"line":415},"14":{"name":"generateLawyerQuestions","decl":{"start":{"line":456,"column":15},"end":{"line":456,"column":38}},"loc":{"start":{"line":456,"column":70},"end":{"line":571,"column":1}},"line":456},"15":{"name":"(anonymous_15)","decl":{"start":{"line":458,"column":4},"end":{"line":458,"column":5}},"loc":{"start":{"line":458,"column":11},"end":{"line":458,"column":43}},"line":458},"16":{"name":"(anonymous_16)","decl":{"start":{"line":461,"column":4},"end":{"line":461,"column":5}},"loc":{"start":{"line":461,"column":11},"end":{"line":461,"column":48}},"line":461},"17":{"name":"(anonymous_17)","decl":{"start":{"line":464,"column":4},"end":{"line":464,"column":5}},"loc":{"start":{"line":464,"column":11},"end":{"line":464,"column":45}},"line":464},"18":{"name":"(anonymous_18)","decl":{"start":{"line":468,"column":25},"end":{"line":468,"column":26}},"loc":{"start":{"line":468,"column":32},"end":{"line":476,"column":3}},"line":468},"19":{"name":"(anonymous_19)","decl":{"start":{"line":477,"column":24},"end":{"line":477,"column":25}},"loc":{"start":{"line":477,"column":31},"end":{"line":484,"column":3}},"line":477},"20":{"name":"(anonymous_20)","decl":{"start":{"line":499,"column":15},"end":{"line":499,"column":16}},"loc":{"start":{"line":499,"column":23},"end":{"line":505,"column":3}},"line":499},"21":{"name":"(anonymous_21)","decl":{"start":{"line":512,"column":40},"end":{"line":512,"column":41}},"loc":{"start":{"line":512,"column":48},"end":{"line":518,"column":3}},"line":512},"22":{"name":"generateSummaryChecklist","decl":{"start":{"line":573,"column":15},"end":{"line":573,"column":39}},"loc":{"start":{"line":573,"column":71},"end":{"line":633,"column":1}},"l
[...]
nd":{"line":594,"column":3}},"type":"if","locations":[{"start":{"line":587,"column":2},"end":{"line":594,"column":3}},{"start":{},"end":{}}],"line":587},"65":{"loc":{"start":{"line":639,"column":37},"end":{"line":639,"column":55}},"type":"default-arg","locations":[{"start":{"line":639,"column":53},"end":{"line":639,"column":55}}],"line":639},"66":{"loc":{"start":{"line":639,"column":57},"end":{"line":639,"column":76}},"type":"default-arg","locations":[{"start":{"line":639,"column":74},"end":{"line":639,"column":76}}],"line":639},"67":{"loc":{"start":{"line":641,"column":11},"end":{"line":641,"column":57}},"type":"binary-expr","locations":[{"start":{"line":641,"column":11},"end":{"line":641,"column":21}},{"start":{"line":641,"column":25},"end":{"line":641,"column":57}}],"line":641},"68":{"loc":{"start":{"line":644,"column":11},"end":{"line":644,"column":59}},"type":"binary-expr","locations":[{"start":{"line":644,"column":11},"end":{"line":644,"column":21}},{"start":{"line":644,"column":25},"end":{"line":644,"column":59}}],"line":644},"69":{"loc":{"start":{"line":685,"column":6},"end":{"line":691,"column":7}},"type":"if","locations":[{"start":{"line":685,"column":6},"end":{"line":691,"column":7}},{"start":{},"end":{}}],"line":685},"70":{"loc":{"start":{"line":686,"column":8},"end":{"line":688,"column":39}},"type":"binary-expr","locations":[{"start":{"line":686,"column":8},"end":{"line":686,"column":18}},{"start":{"line":687,"column":8},"end":{"line":687,"column":28}},{"start":{"line":688,"column":8},"end":{"line":688,"column":39}}],"line":686},"71":{"loc":{"start":{"line":697,"column":4},"end":{"line":699,"column":5}},"type":"if","locations":[{"start":{"line":697,"column":4},"end":{"line":699,"column":5}},{"start":{},"end":{}}],"line":697},"72":{"loc":{"start":{"line":720,"column":2},"end":{"line":722,"column":3}},"type":"if","locations":[{"start":{"line":720,"column":2},"end":{"line":722,"column":3}},{"start":{},"end":{}}],"line":720},"73":{"loc":{"start":{"line":720,"column":6},"end":{"line":720,"column":34}},"type":"binary-expr","locations":[{"start":{"line":720,"column":6},"end":{"line":720,"column":14}},{"start":{"line":720,"column":18},"end":{"line":720,"column":34}}],"line":720},"74":{"loc":{"start":{"line":724,"column":26},"end":{"line":724,"column":45}},"type":"binary-expr","locations":[{"start":{"line":724,"column":26},"end":{"line":724,"column":39}},{"start":{"line":724,"column":43},"end":{"line":724,"column":45}}],"line":724},"75":{"loc":{"start":{"line":727,"column":2},"end":{"line":747,"column":3}},"type":"if","locations":[{"start":{"line":727,"column":2},"end":{"line":747,"column":3}},{"start":{},"end":{}}],"line":727},"76":{"loc":{"start":{"line":728,"column":4},"end":{"line":731,"column":28}},"type":"binary-expr","locations":[{"start":{"line":728,"column":4},"end":{"line":728,"column":13}},{"start":{"line":729,"column":4},"end":{"line":729,"column":22}},{"start":{"line":730,"column":4},"end":{"line":730,"column":27}},{"start":{"line":731,"column":4},"end":{"line":731,"column":28}}],"line":728},"77":{"loc":{"start":{"line":735,"column":21},"end":{"line":735,"column":63}},"type":"cond-expr","locations":[{"start":{"line":735,"column":37},"end":{"line":735,"column":56}},{"start":{"line":735,"column":59},"end":{"line":735,"column":63}}],"line":735},"78":{"loc":{"start":{"line":736,"column":61},"end":{"line":736,"column":130}},"type":"cond-expr","locations":[{"start":{"line":736,"column":68},"end":{"line":736,"column":125}},{"start":{"line":736,"column":128},"end":{"line":736,"column":130}}],"line":736},"79":{"loc":{"start":{"line":744,"column":21},"end":{"line":744,"column":48}},"type":"binary-expr","locations":[{"start":{"line":744,"column":21},"end":{"line":744,"column":42}},{"start":{"line":744,"column":46},"end":{"line":744,"column":48}}],"line":744},"80":{"loc":{"start":{"line":757,"column":6},"end":{"line":758,"column":72}},"type":"binary-expr","locations":[{"start":{"line":757,"column":6},"end":{"line":757,"column":32}},{"start":{"line":758,"column":6},"end":{"line":758,"column":72}}],"line":757},"81":{"loc":{"start":{"line":762,"column":2},"end":{"line":768,"column":3}},"type":"if","locations":[{"start":{"line":762,"column":2},"end":{"line":768,"column":3}},{"start":{},"end":{}}],"line":762},"82":{"loc":{"start":{"line":762,"column":6},"end":{"line":762,"column":49}},"type":"binary-expr","locations":[{"start":{"line":762,"column":6},"end":{"line":762,"column":19}},{"start":{"line":762,"column":23},"end":{"line":762,"column":49}}],"line":762},"83":{"loc":{"start":{"line":765,"column":4},"end":{"line":767,"column":5}},"type":"if","locations":[{"start":{"line":765,"column":4},"end":{"line":767,"column":5}},{"start":{},"end":{}}],"line":765},"84":{"loc":{"start":{"line":765,"column":8},"end":{"line":765,"column":63}},"type":"binary-expr","locations":[{"start":{"line":765,"column":8},"end":{"line":765,"column":19}},{"start":{"line":765,"column":23},"end":{"line":765,"column":30}},{"start":{"line":765,"column":34},"end":{"line":765,"column":63}}],"line":765},"85":{"loc":{"start":{"line":770,"column":2},"end":{"line":775,"column":3}},"type":"if","locations":[{"start":{"line":770,"column":2},"end":{"line":775,"column":3}},{"start":{},"end":{}}],"line":770},"86":{"loc":{"start":{"line":777,"column":17},"end":{"line":777,"column":70}},"type":"cond-expr","locations":[{"start":{"line":777,"column":33},"end":{"line":777,"column":63}},{"start":{"line":777,"column":66},"end":{"line":777,"column":70}}],"line":777},"87":{"loc":{"start":{"line":778,"column":2},"end":{"line":781,"column":3}},"type":"if","locations":[{"start":{"line":778,"column":2},"end":{"line":781,"column":3}},{"start":{},"end":{}}],"line":778},"88":{"loc":{"start":{"line":780,"column":4},"end":{"line":780,"column":65}},"type":"if","locations":[{"start":{"line":780,"column":4},"end":{"line":780,"column":65}},{"start":{},"end":{}}],"line":780},"89":{"loc":{"start":{"line":789,"column":2},"end":{"line":795,"column":3}},"type":"if","locations":[{"start":{"line":789,"column":2},"end":{"line":795,"column":3}},{"start":{},"end":{}}],"line":789},"90":{"loc":{"start":{"line":790,"column":4},"end":{"line":792,"column":33}},"type":"binary-expr","locations":[{"start":{"line":790,"column":4},"end":{"line":790,"column":22}},{"start":{"line":791,"column":4},"end":{"line":791,"column":33}},{"start":{"line":792,"column":4},"end":{"line":792,"column":33}}],"line":790},"91":{"loc":{"start":{"line":817,"column":2},"end":{"line":817,"column":27}},"type":"default-arg","locations":[{"start":{"line":817,"column":18},"end":{"line":817,"column":27}}],"line":817},"92":{"loc":{"start":{"line":818,"column":2},"end":{"line":818,"column":14}},"type":"default-arg","locations":[{"start":{"line":818,"column":13},"end":{"line":818,"column":14}}],"line":818},"93":{"loc":{"start":{"line":820,"column":2},"end":{"line":820,"column":55}},"type":"if","locations":[{"start":{"line":820,"column":2},"end":{"line":820,"column":55}},{"start":{},"end":{}}],"line":820},"94":{"loc":{"start":{"line":826,"column":19},"end":{"line":826,"column":46}},"type":"binary-expr","locations":[{"start":{"line":826,"column":19},"end":{"line":826,"column":40}},{"start":{"line":826,"column":44},"end":{"line":826,"column":46}}],"line":826},"95":{"loc":{"start":{"line":837,"column":23},"end":{"line":839,"column":12}},"type":"cond-expr","locations":[{"start":{"line":838,"column":10},"end":{"line":838,"column":43}},{"start":{"line":839,"column":10},"end":{"line":839,"column":12}}],"line":837},"96":{"loc":{"start":{"line":843,"column":4},"end":{"line":844,"column":80}},"type":"if","locations":[{"start":{"line":843,"column":4},"end":{"line":844,"column":80}},{"start":{},"end":{}}],"line":843},"97":{"loc":{"start":{"line":847,"column":2},"end":{"line":871,"column":3}},"type":"if","locations":[{"start":{"line":847,"column":2},"end":{"line":871,"column":3}},{"start":{},"end":{}}],"line":847},"98":{"loc":{"start":{"line":847,"column":6},"end":{"line":847,"column":38}},"type":"binary-expr","locations":[{"start":{"line":847,"column":6},"end":{"line":847,"column":21}},{"start":{"line":847,"column":25},"end":{"line":847,"column":38}}],"line":847},"99":{"loc":{"start":{"line":850,"column":6},"end":{"line":869,"column":7}},"type":"if","locations":[{"start":{"line":850,"column":6},"end":{"line":869,"column":7}},{"start":{},"end":{}}],"line":850},"100":{"loc":{"start":{"line":851,"column":8},"end":{"line":852,"column":68}},"type":"binary-expr","locations":[{"start":{"line":851,"column":8},"end":{"line":851,"column":12}},{"start":{"line":852,"column":9},"end":{"line":852,"column":35}},{"start":{"line":852,"column":39},"end":{"line":852,"column":67}}],"line":851},"101":{"loc":{"start":{"line":864,"column":12},"end":{"line":864,"column":79}},"type":"cond-expr","locations":[{"start":{"line":864,"column":58},"end":{"line":864,"column":74}},{"start":{"line":864,"column":77},"end":{"line":864,"column":79}}],"line":864},"102":{"loc":{"start":{"line":864,"column":12},"end":{"line":864,"column":55}},"type":"binary-expr","locations":[{"start":{"line":864,"column":12},"end":{"line":864,"column":26}},{"start":{"line":864,"column":30},"end":{"line":864,"column":55}}],"line":864},"103":{"loc":{"start":{"line":875,"column":4},"end":{"line":875,"column":66}},"type":"if","locations":[{"start":{"line":875,"column":4},"end":{"line":875,"column":66}},{"start":{},"end":{}}],"line":875},"104":{"loc":{"start":{"line":875,"column":8},"end":{"line":875,"column":54}},"type":"binary-expr","locations":[{"start":{"line":875,"column":8},"end":{"line":875,"column":29}},{"start":{"line":875,"column":33},"end":{"line":875,"column":54}}],"line":875},"105":{"loc":{"start":{"line":876,"column":4},"end":{"line":876,"column":65}},"type":"if","locations":[{"start":{"line":876,"column":4},"end":{"line":876,"column":65}},{"start":{},"end":{}}],"line":876},"106":{"loc":{"start":{"line":876,"column":8},"end":{"line":876,"column":54}},"type":"binary-expr","locations":[{"start":{"line":876,"column":8},"end":{"line":876,"column":29}},{"start":{"line":876,"column":33},"end":{"line":876,"column":54}}],"line":876},"107":{"loc":{"start":{"line":882,"column":2},"end":{"line":888,"column":3}},"type":"if","locations":[{"start":{"line":882,"column":2},"end":{"line":888,"column":3}},{"start":{},"end":{}}],"line":882},"108":{"loc":{"start":{"line":903,"column":2},"end":{"line":903,"column":24}},"type":"default-arg","locations":[{"start":{"line":903,"column":17},"end":{"line":903,"column":24}}],"line":903},"109":{"loc":{"start":{"line":904,"column":2},"end":{"line":904,"column":24}},"type":"default-arg","locations":[{"start":{"line":904,"column":20},"end":{"line":904,"column":24}}],"line":904},"110":{"loc":{"start":{"line":906,"column":2},"end":{"line":906,"column":55}},"type":"if","locations":[{"start":{"line":906,"column":2},"end":{"line":906,"column":55}},{"start":{},"end":{}}],"line":906},"111":{"loc":{"start":{"line":907,"column":2},"end":{"line":908,"column":46}},"type":"if","locations":[{"start":{"line":907,"column":2},"end":{"line":908,"column":46}},{"start":{},"end":{}}],"line":907},"112":{"loc":{"start":{"line":907,"column":6},"end":{"line":907,"column":47}},"type":"binary-expr","locations":[{"start":{"line":907,"column":6},"end":{"line":907,"column":15}},{"start":{"line":907,"column":19},"end":{"line":907,"column":47}}],"line":907},"113":{"loc":{"start":{"line":952,"column":2},"end":{"line":955,"column":3}},"type":"if","locations":[{"start":{"line":952,"column":2},"end":{"line":955,"column":3}},{"start":{},"end":{}}],"line":952},"114":{"loc":{"start":{"line":964,"column":22},"end":{"line":964,"column":67}},"type":"binary-expr","locations":[{"start":{"line":964,"column":22},"end":{"line":964,"column":61}},{"start":{"line":964,"column":65},"end":{"line":964,"column":67}}],"line":964},"115":{"loc":{"start":{"line":966,"column":4},"end":{"line":978,"column":5}},"type":"if","locations":[{"start":{"line":966,"column":4},"end":{"line":978,"column":5}},{"start":{},"end":{}}],"line":966},"116":{"loc":{"start":{"line":967,"column":6},"end":{"line":975,"column":7}},"type":"if","locations":[{"start":{"line":967,"column":6},"end":{"line":975,"column":7}},{"start":{},"end":{}}],"line":967},"117":{"loc":{"start":{"line":968,"column":8},"end":{"line":969,"column":56}},"type":"binary-expr","locations":[{"start":{"line":968,"column":8},"end":{"line":968,"column":45}},{"start":{"line":969,"column":8},"end":{"line":969,"column":56}}],"line":968},"118":{"loc":{"start":{"line":998,"column":13},"end":{"line":998,"column":27}},"type":"binary-expr","locations":[{"start":{"line":998,"column":13},"end":{"line":998,"column":21}},{"start":{"line":998,"column":25},"end":{"line":998,"column":27}}],"line":998},"119":{"loc":{"start":{"line":999,"column":17},"end":{"line":999,"column":35}},"type":"binary-expr","locations":[{"start":{"line":999,"column":17},"end":{"line":999,"column":29}},{"start":{"line":999,"column":33},"end":{"line":999,"column":35}}],"line":999},"120":{"loc":{"start":{"line":1002,"column":2},"end":{"line":1005,"column":3}},"type":"if","locations":[{"start":{"line":1002,"column":2},"end":{"line":1005,"column":3}},{"start":{},"end":{}}],"line":1002},"121":{"loc":{"start":{"line":1002,"column":6},"end":{"line":1002,"column":47}},"type":"binary-expr","locations":[{"start":{"line":1002,"column":6},"end":{"line":1002,"column":14}},{"start":{"line":1002,"column":18},"end":{"line":1002,"column":47}}],"line":1002},"122":{"loc":{"start":{"line":1011,"column":2},"end":{"line":1027,"column":3}},"type":"if","locations":[{"start":{"line":1011,"column":2},"end":{"line":1027,"column":3}},{"start":{},"end":{}}],"line":1011},"123":{"loc":{"start":{"line":1030,"column":2},"end":{"line":1052,"column":3}},"type":"if","locations":[{"start":{"line":1030,"column":2},"end":{"line":1052,"column":3}},{"start":{},"end":{}}],"line":1030},"124":{"loc":{"start":{"line":1032,"column":4},"end":{"line":1034,"column":5}},"type":"if","locations":[{"start":{"line":1032,"column":4},"end":{"line":1034,"column":5}},{"start":{},"end":{}}],"line":1032}},"s":{"0":3,"1":3,"2":3,"3":3,"4":3,"5":3,"6":3,"7":3,"8":0,"9":0,"10":0,"11":0,"12":0,"13":0,"14":0,"15":0,"16":0,"17":0,"18":0,"19":0,"20":0,"21":0,"22":0,"23":0,"24":0,"25":0,"26":0,"27":0,"28":0,"29":0,"30":0,"31":0,"32":0,"33":0,"34":0,"35":0,"36":0,"37":0,"38":0,"39":0,"40":0,"41":0,"42":0,"43":0,"44":0,"45":0,"46":0,"47":0,"48":0,"49":0,"50":0,"51":0,"52":0,"53":0,"54":0,"55":0,"56":0,"57":0,"58":0,"59":0,"60":0,"61":0,"62":0,"63":0,"64":0,"65":0,"66":0,"67":0,"68":0,"69":0,"70":0,"71":0,"72":0,"73":0,"74":0,"75":0,"76":0,"77":0,"78":0,"79":0,"80":0,"81":0,"82":0,"83":0,"84":0,"85":0,"86":0,"87":0,"88":0,"89":0,"90":0,"91":0,"92":0,"93":0,"94":0,"95":0,"96":0,"97":0,"98":0,"99":0,"100":0,"101":0,"102":0,"103":0,"104":0,"105":0,"106":0,"107":0,"108":0,"109":0,"110":0,"111":0,"112":0,"113":0,"114":0,"115":0,"116":0,"117":0,"118":0,"119":0,"120":0,"121":0,"122":0,"123":0,"124":0,"125":0,"126":0,"127":0,"128":0,"129":0,"130":0,"131":0,"132":0,"133":0,"134":0,"135":0,"136":0,"137":0,"138":0,"139":0,"140":0,"141":0,"142":0,"143":0,"144":0,"145":0,"146":0,"147":0,"148":0,"149":0,"150":0,"151":0,"152":0,"153":0,"154":0,"155":0,"156":0,"157":0,"158":0,"159":0,"160":0,"161":0,"162":0,"163":0,"164":0,"165":0,"166":0,"167":0,"168":0,"169":0,"170":0,"171":0,"172":0,"173":0,"174":0,"175":0,"176":0,"177":0,"178":0,"179":0,"180":0,"181":0,"182":0,"183":0,"184":0,"185":0,"186":0,"187":0,"188":0,"189":0,"190":0,"191":0,"192":0,"193":0,"194":0,"195":0,"196":0,"197":0,"198":0,"199":0,"200":0,"201":0,"202":0,"203":0,"204":0,"205":0,"206":0,"207":0,"208":0,"209":0,"210":0,"211":0,"212":0,"213":0,"214":0,"215":0,"216":0,"217":0,"218":0,"219":0,"220":0,"221":0,"222":0,"223":0,"224":0,"225":0,"226":0,"227":0,"228":0,"229":0,"230":0,"231":0,"232":0,"233":0,"234":0,"235":0,"236":0,"237":0,"238":0,"239":0,"240":0,"241":0,"242":0,"243":0,"244":0,"245":0,"246":0,"247":0,"248":0,"249":0,"250":0,"251":0,"252":0,"253":0,"254":0,"255":0,"256":0,"257":0,"258":0,"259":0,"260":0,"261":0,"262":0,"263":0,"264":0,"265":0,"266":0,"267":0,"268":0,"269":0,"270":0,"271":0,"272":0,"273":0,"274":0,"275":0,"276":0,"277":0,"278":0,"279":0,"280":0,"281":0,"282":0,"283":0,"284":0,"285":0,"286":0,"287":0,"288":0,"289":0,"290":3},"f":{"0":0,"1":0,"2":0,"3":0,"4":0,"5":0,"6":0,"7":0,"8":0,"9":0,"10":0,"11":0,"12":0,"13":0,"14":0,"15":0,"16":0,"17":0,"18":0,"19":0,"20":0,"21":0,"22":0,"23":0,"24":0,"25":0,"26":0,"27":0,"28":0,"29":0,"30":0,"31":0,"32":0,"33":0,"34":0,"35":0,"36":0,"37":0,"38":0,"39":0,"40":0,"41":0,"42":0,"43":0,"44":0,"45":0},"b":{"0":[3,0],"1":[0,0],"2":[0,0],"3":[0,0],"4":[0,0],"5":[0,0],"6":[0,0],"7":[0,0],"8":[0,0],"9":[0,0],"10":[0,0],"11":[0,0],"12":[0,0],"13":[0,0],"14":[0,0],"15":[0,0],"16":[0,0],"17":[0],"18":[0],"19":[0,0],"20":[0,0],"21":[0,0],"22":[0,0],"23":[0],"24":[0,0],"25":[0,0],"26":[0,0],"27":[0,0],"28":[0,0],"29":[0,0],"30":[0,0],"31":[0,0],"32":[0,0],"33":[0,0],"34":[0,0],"35":[0,0],"36":[0,0],"37":[0],"38":[0],"39":[0,0],"40":[0,0],"41":[0,0],"42":[0,0],"43":[0,0],"44":[0,0],"45":[0,0],"46":[0],"47":[0,0],"48":[0,0],"49":[0,0],"50":[0,0],"51":[0,0],"52":[0,0],"53":[0,0],"54":[0,0],"55":[0,0],"56":[0,0,0],"57":[0,0],"58":[0,0],"59":[0,0],"60":[0,0],"61":[0,0],"62":[0,0],"63":[0,0],"64":[0,0],"65":[0],"66":[0],"67":[0,0],"68":[0,0],"69":[0,0],"70":[0,0,0],"71":[0,0],"72":[0,0],"73":[0,0],"74":[0,0],"75":[0,0],"76":[0,0,0,0],"77":[0,0],"78":[0,0],"79":[0,0],"80":[0,0],"81":[0,0],"82":[0,0],"83":[0,0],"84":[0,0,0],"85":[0,0],"86":[0,0],"87":[0,0],"88":[0,0],"89":[0,0],"90":[0,0,0],"91":[0],"92":[0],"93":[0,0],"94":[0,0],"95":[0,0],"96":[0,0],"97":[0,0],"98":[0,0],"99":[0,0],"100":[0,0,0],"101":[0,0],"102":[0,0],"103":[0,0],"104":[0,0],"105":[0,0],"106":[0,0],"107":[0,0],"108":[0],"109":[0],"110":[0,0],"111":[0,0],"112":[0,0],"113":[0,0],"114":[0,0],"115":[0,0],"116":[0,0],"117":[0,0],"118":[0,0],"119":[0,0],"120":[0,0],"121":[0,0],"122":[0,0],"123":[0,0],"124":[0,0]},"_coverageSchema":"1a1c01bbd47fc00a2c39e90264f33305004495a9","hash":"d48fd6a58dd620e24a86fcec8dc36b74b2e361d9"}
,"C:\\Users\\LENOVO\\Desktop\\Nyayacheck\\backend\\services\\sessionStore.js": {"path":"C:\\Users\\LENOVO\\Desktop\\Nyayacheck\\backend\\services\\sessionStore.js","statementMap":{"0":{"start":{"line":1,"column":27},"end":{"line":1,"column":42}},"1":{"start":{"line":5,"column":2},"end":{"line":15,"column":3}},"2":{"start":{"line":6,"column":16},"end":{"line":9,"column":5}},"3":{"start":{"line":10,"column":4},"end":{"line":12,"column":5}},"4":{"start":{"line":11,"column":6},"end":{"line":11,"column":30}},"5":{"start":{"line":14,"column":4},"end":{"line":14,"column":44}},"6":{"start":{"line":16,"column":2},"end":{"line":16,"column":14}},"7":{"start":{"line":21,"column":2},"end":{"line":28,"column":3}},"8":{"start":{"line":22,"column":4},"end":{"line":25,"column":6}},"9":{"start":{"line":27,"column":4},"end":{"line":27,"column":45}},"10":{"start":{"line":32,"column":21},"end":{"line":32,"column":23}},"11":{"start":{"line":33,"column":26},"end":{"line":33,"column":28}},"12":{"start":{"line":35,"column":0},"end":{"line":40,"column":2}}},"fnMap":{"0":{"name":"getSession","decl":{"start":{"line":4,"column":15},"end":{"line":4,"column":25}},"loc":{"start":{"line":4,"column":37},"end":{"line":17,"column":1}},"line":4},"1":{"name":"saveSession","decl":{"start":{"line":20,"column":15},"end":{"line":20,"column":26}},"loc":{"start":{"line":20,"column":51},"end":{"line":29,"column":1}},"line":20}},"branchMap":{"0":{"loc":{"start":{"line":10,"column":4},"end":{"line":12,"column":5}},"type":"if","locations":[{"start":{"line":10,"column":4},"end":{"line":12,"column":5}},{"start":{},"end":{}}],"line":10}},"s":{"0":3,"1":2,"2":2,"3":2,"4":0,"5":0,"6":2,"7":2,"8":2,"9":0,"10":3,"11":3,"12":3},"f":{"0":2,"1":2},"b":{"0":[0,2]},"_coverageSchema":"1a1c01bbd47fc00a2c39e90264f33305004495a9","hash":"af13e1d7dcae6cd913c02f89b8b72b00e56ebdc1"}
}
