TN:
SF:server.js
FN:51,(anonymous_0)
FN:70,(anonymous_1)
FN:75,(anonymous_2)
FNF:3
FNH:2
FNDA:15,(anonymous_0)
FNDA:2,(anonymous_1)
FNDA:0,(anonymous_2)
DA:1,3
DA:2,3
DA:3,3
DA:4,3
DA:5,3
DA:6,3
DA:7,3
DA:8,3
DA:10,3
DA:11,3
DA:14,3
DA:17,3
DA:34,3
DA:43,3
DA:46,3
DA:49,3
DA:52,15
DA:53,0
DA:54,0
DA:56,0
DA:62,3
DA:63,3
DA:66,3
DA:67,3
DA:70,3
DA:71,2
DA:74,3
DA:75,0
DA:76,0
DA:80,3
LF:30
LH:25
BRDA:11,0,0,3
BRDA:11,0,1,0
BRDA:46,1,0,0
BRDA:46,1,1,3
BRDA:52,2,0,15
BRDA:52,2,1,0
BRDA:53,3,0,0
BRDA:53,3,1,0
BRDA:74,4,0,0
BRDA:74,4,1,3
BRDA:74,5,0,3
BRDA:74,5,1,3
BRF:12
BRH:6
end_of_record
TN:
SF:routes\analyze.js
FN:25,(anonymous_0)
FN:79,(anonymous_1)
FN:95,(anonymous_2)
FN:125,(anonymous_3)
FN:160,(anonymous_4)
FN:182,(anonymous_5)
FN:220,(anonymous_6)
FNF:7
FNH:4
FNDA:1,(anonymous_0)
FNDA:1,(anonymous_1)
FNDA:1,(anonymous_2)
FNDA:1,(anonymous_3)
FNDA:0,(anonymous_4)
FNDA:0,(anonymous_5)
FNDA:0,(anonymous_6)
DA:1,3
DA:2,3
DA:3,3
DA:4,3
DA:5,3
DA:7,3
DA:10,3
DA:19,3
DA:25,3
DA:26,1
DA:27,1
DA:28,0
DA:31,1
DA:33,1
DA:34,0
DA:36,1
DA:39,1
DA:42,1
DA:45,1
DA:46,1
DA:47,1
DA:48,1
DA:49,1
DA:51,1
DA:53,0
DA:55,0
DA:62,0
DA:64,0
DA:72,3
DA:80,1
DA:81,1
DA:82,0
DA:87,1
DA:89,1
DA:90,1
DA:91,1
DA:92,0
DA:95,1
DA:96,1
DA:97,0
DA:100,1
DA:102,1
DA:105,1
DA:106,1
DA:107,1
DA:109,1
DA:111,0
DA:112,0
DA:118,3
DA:126,1
DA:127,1
DA:128,0
DA:133,1
DA:134,1
DA:135,1
DA:136,1
DA:139,1
DA:140,0
DA:143,1
DA:144,0
DA:146,1
DA:151,1
DA:153,0
DA:154,0
DA:160,3
DA:161,0
DA:162,0
DA:163,0
DA:168,0
DA:170,0
DA:171,0
DA:176,3
DA:183,0
DA:184,0
DA:185,0
DA:187,0
DA:188,0
DA:192,0
DA:193,0
DA:196,0
DA:197,0
DA:201,0
DA:202,0
DA:205,0
DA:206,0
DA:208,0
DA:209,0
DA:211,0
DA:212,0
DA:220,3
DA:221,0
DA:222,0
DA:223,0
DA:224,0
DA:226,0
DA:227,0
DA:234,0
DA:235,0
DA:239,0
DA:240,0
DA:241,0
DA:242,0
DA:243,0
DA:244,0
DA:245,0
DA:247,0
DA:254,0
DA:258,0
DA:260,0
DA:261,0
DA:265,3
LF:111
LH:52
BRDA:27,0,0,0
BRDA:27,0,1,1
BRDA:27,1,0,1
BRDA:27,1,1,1
BRDA:33,2,0,0
BRDA:33,2,1,1
BRDA:46,3,0,1
BRDA:46,3,1,0
BRDA:55,4,0,0
BRDA:55,4,1,0
BRDA:56,5,0,0
BRDA:56,5,1,0
BRDA:56,5,2,0
BRDA:56,5,3,0
BRDA:56,5,4,0
BRDA:81,6,0,0
BRDA:81,6,1,1
BRDA:87,7,0,1
BRDA:90,8,0,0
BRDA:90,8,1,1
BRDA:91,9,0,0
BRDA:91,9,1,1
BRDA:91,10,0,1
BRDA:91,10,1,1
BRDA:96,11,0,0
BRDA:96,11,1,1
BRDA:127,12,0,0
BRDA:127,12,1,1
BRDA:134,13,0,1
BRDA:136,14,0,0
BRDA:136,14,1,1
BRDA:139,15,0,0
BRDA:139,15,1,1
BRDA:139,16,0,1
BRDA:139,16,1,0
BRDA:143,17,0,0
BRDA:143,17,1,1
BRDA:143,18,0,1
BRDA:143,18,1,1
BRDA:151,19,0,1
BRDA:151,19,1,0
BRDA:162,20,0,0
BRDA:187,21,0,0
BRDA:187,21,1,0
BRDA:187,22,0,0
BRDA:187,22,1,0
BRDA:192,23,0,0
BRDA:192,23,1,0
BRDA:196,24,0,0
BRDA:196,24,1,0
BRDA:196,25,0,0
BRDA:196,25,1,0
BRDA:201,26,0,0
BRDA:201,26,1,0
BRDA:205,27,0,0
BRDA:205,27,1,0
BRDA:205,28,0,0
BRDA:205,28,1,0
BRDA:224,29,0,0
BRDA:224,29,1,0
BRDA:226,30,0,0
BRDA:226,30,1,0
BRDA:226,31,0,0
BRDA:226,31,1,0
BRDA:226,31,2,0
BRDA:230,32,0,0
BRDA:230,32,1,0
BRDA:234,33,0,0
BRDA:234,33,1,0
BRDA:242,34,0,0
BRDA:242,34,1,0
BRDA:255,35,0,0
BRDA:255,35,1,0
BRF:73
BRH:21
end_of_record
TN:
SF:routes\voice.js
FN:14,(anonymous_0)
FN:41,(anonymous_1)
FN:51,(anonymous_2)
FNF:3
FNH:1
FNDA:0,(anonymous_0)
FNDA:0,(anonymous_1)
FNDA:10,(anonymous_2)
DA:1,3
DA:2,3
DA:3,3
DA:8,3
DA:14,3
DA:15,0
DA:16,0
DA:17,0
DA:18,0
DA:19,0
DA:20,0
DA:24,0
DA:26,0
DA:32,0
DA:33,0
DA:41,3
DA:42,0
DA:43,0
DA:44,0
DA:51,3
DA:52,10
DA:53,10
DA:56,10
DA:63,0
DA:66,10
DA:67,10
DA:69,10
DA:70,10
DA:72,10
DA:73,2
DA:74,2
DA:77,8
DA:78,8
DA:81,8
DA:82,3
DA:86,3
DA:99,5
DA:100,5
DA:101,5
DA:102,0
DA:103,0
DA:113,0
DA:114,0
DA:117,5
DA:119,5
DA:120,5
DA:121,5
DA:123,5
DA:124,0
DA:125,0
DA:129,5
DA:130,5
DA:132,5
DA:133,1
DA:138,4
DA:139,3
DA:145,1
DA:147,0
DA:149,1
DA:153,5
DA:154,0
DA:157,5
DA:163,5
DA:165,0
DA:166,0
DA:170,3
LF:66
LH:42
BRDA:18,0,0,0
BRDA:18,0,1,0
BRDA:19,1,0,0
BRDA:19,1,1,0
BRDA:43,2,0,0
BRDA:43,2,1,0
BRDA:56,3,0,0
BRDA:56,3,1,10
BRDA:57,4,0,10
BRDA:57,4,1,9
BRDA:57,4,2,9
BRDA:57,4,3,0
BRDA:66,5,0,10
BRDA:66,5,1,1
BRDA:67,6,0,10
BRDA:67,6,1,1
BRDA:67,6,2,1
BRDA:69,7,0,10
BRDA:69,7,1,2
BRDA:69,7,2,2
BRDA:70,8,0,10
BRDA:70,8,1,1
BRDA:72,9,0,2
BRDA:72,9,1,8
BRDA:72,10,0,10
BRDA:72,10,1,8
BRDA:78,11,0,2
BRDA:78,11,1,6
BRDA:81,12,0,3
BRDA:81,12,1,5
BRDA:81,13,0,8
BRDA:81,13,1,6
BRDA:90,14,0,3
BRDA:90,14,1,3
BRDA:90,14,2,0
BRDA:100,15,0,5
BRDA:100,15,1,0
BRDA:100,16,0,5
BRDA:100,16,1,5
BRDA:102,17,0,0
BRDA:102,17,1,0
BRDA:105,18,0,0
BRDA:105,18,1,0
BRDA:109,19,0,0
BRDA:109,19,1,0
BRDA:113,20,0,0
BRDA:113,20,1,0
BRDA:120,21,0,5
BRDA:120,21,1,0
BRDA:121,22,0,5
BRDA:121,22,1,0
BRDA:121,22,2,0
BRDA:123,23,0,0
BRDA:123,23,1,5
BRDA:132,24,0,1
BRDA:132,24,1,4
BRDA:135,25,0,1
BRDA:135,25,1,0
BRDA:136,26,0,1
BRDA:136,26,1,1
BRDA:138,27,0,3
BRDA:138,27,1,1
BRDA:145,28,0,0
BRDA:145,28,1,1
BRDA:153,29,0,0
BRDA:153,29,1,5
BRDA:153,30,0,5
BRDA:153,30,1,0
BRDA:158,31,0,5
BRDA:158,31,1,0
BRF:70
BRH:43
end_of_record
TN:
SF:services\db.js
FN:16,(anonymous_0)
FN:25,queryWithRetry
FN:36,(anonymous_2)
FN:44,initDB
FNF:4
FNH:1
FNDA:0,(anonymous_0)
FNDA:4,queryWithRetry
FNDA:0,(anonymous_2)
FNDA:0,initDB
DA:1,5
DA:2,5
DA:6,5
DA:16,5
DA:17,0
DA:18,0
DA:26,4
DA:27,4
DA:28,4
DA:29,4
DA:30,4
DA:31,4
DA:32,4
DA:34,0
DA:35,0
DA:36,0
DA:45,0
DA:46,0
DA:49,0
DA:61,0
DA:70,0
DA:76,0
DA:78,0
DA:82,5
LF:24
LH:12
BRDA:25,0,0,4
BRDA:25,1,0,4
BRDA:35,2,0,0
BRDA:35,2,1,0
BRF:4
BRH:2
end_of_record
TN:
SF:services\documentService.js
FN:9,runOcrSpace
FN:57,(anonymous_1)
FN:86,extractText
FN:128,segmentClauses
FN:157,(anonymous_4)
FN:157,(anonymous_5)
FN:163,(anonymous_6)
FNF:7
FNH:4
FNDA:0,runOcrSpace
FNDA:0,(anonymous_1)
FNDA:0,extractText
FNDA:5,segmentClauses
FNDA:8,(anonymous_4)
FNDA:8,(anonymous_5)
FNDA:6,(anonymous_6)
DA:1,4
DA:2,4
DA:3,4
DA:4,4
DA:10,0
DA:11,0
DA:12,0
DA:17,0
DA:18,0
DA:21,0
DA:22,0
DA:25,0
DA:26,0
DA:27,0
DA:29,0
DA:42,0
DA:45,0
DA:46,0
DA:47,0
DA:52,0
DA:53,0
DA:57,0
DA:61,0
DA:62,0
DA:65,0
DA:67,0
DA:68,0
DA:69,0
DA:75,0
DA:76,0
DA:78,0
DA:79,0
DA:87,0
DA:88,0
DA:90,0
DA:91,0
DA:92,0
DA:95,0
DA:98,0
DA:100,0
DA:104,0
DA:106,0
DA:107,0
DA:108,0
DA:109,0
DA:114,0
DA:115,0
DA:116,0
DA:117,0
DA:120,0
DA:129,5
DA:132,5
DA:135,5
DA:136,0
DA:139,5
DA:140,1
DA:143,4
DA:144,1
DA:148,5
DA:149,3
DA:153,5
DA:154,0
DA:157,8
DA:159,5
DA:160,2
DA:163,3
DA:164,6
DA:165,6
DA:166,6
DA:173,4
LF:70
LH:22
BRDA:11,0,0,0
BRDA:11,0,1,0
BRDA:21,1,0,0
BRDA:21,1,1,0
BRDA:45,2,0,0
BRDA:45,2,1,0
BRDA:48,3,0,0
BRDA:48,3,1,0
BRDA:52,4,0,0
BRDA:52,4,1,0
BRDA:52,5,0,0
BRDA:52,5,1,0
BRDA:61,6,0,0
BRDA:61,6,1,0
BRDA:67,7,0,0
BRDA:67,7,1,0
BRDA:67,8,0,0
BRDA:67,8,1,0
BRDA:70,9,0,0
BRDA:70,9,1,0
BRDA:75,10,0,0
BRDA:75,10,1,0
BRDA:75,11,0,0
BRDA:75,11,1,0
BRDA:87,12,0,0
BRDA:87,12,1,0
BRDA:91,13,0,0
BRDA:91,13,1,0
BRDA:91,14,0,0
BRDA:91,14,1,0
BRDA:106,15,0,0
BRDA:106,15,1,0
BRDA:109,16,0,0
BRDA:109,16,1,0
BRDA:110,17,0,0
BRDA:110,17,1,0
BRDA:116,18,0,0
BRDA:116,18,1,0
BRDA:135,19,0,0
BRDA:135,19,1,5
BRDA:139,20,0,1
BRDA:139,20,1,4
BRDA:143,21,0,1
BRDA:143,21,1,3
BRDA:148,22,0,3
BRDA:148,22,1,2
BRDA:153,23,0,0
BRDA:153,23,1,5
BRDA:153,24,0,5
BRDA:153,24,1,3
BRDA:159,25,0,2
BRDA:159,25,1,3
BRDA:165,26,0,0
BRDA:165,26,1,6
BRF:54
BRH:13
end_of_record
TN:
SF:services\ragService.js
FN:18,validateSchema
FN:39,safeExtractJson
FN:61,getRealEmbedding
FN:74,analyzeClauseWithLLM
FN:93,(anonymous_4)
FN:135,processClause
FN:195,translateLLMResult
FN:228,(anonymous_7)
FN:246,generateChatResponse
FN:274,(anonymous_9)
FN:276,(anonymous_10)
FN:344,generateNegotiationMessage
FN:372,compareDocuments
FN:415,analyzeDocumentLevelRisks
FN:456,generateLawyerQuestions
FN:458,(anonymous_15)
FN:461,(anonymous_16)
FN:464,(anonymous_17)
FN:468,(anonymous_18)
FN:477,(anonymous_19)
FN:499,(anonymous_20)
FN:512,(anonymous_21)
FN:573,generateSummaryChecklist
FN:583,(anonymous_23)
FN:611,(anonymous_24)
FN:614,(anonymous_25)
FN:620,(anonymous_26)
FN:639,generateVoiceBriefing
FN:641,(anonymous_28)
FN:644,(anonymous_29)
FN:649,(anonymous_30)
FN:653,(anonymous_31)
FN:684,(anonymous_32)
FN:697,(anonymous_33)
FN:719,getClauseDetail
FN:734,(anonymous_35)
FN:752,(anonymous_36)
FN:815,getDocumentRisks
FN:827,(anonymous_38)
FN:874,(anonymous_39)
FN:900,getClauseWithCitations
FN:911,(anonymous_41)
FN:971,(anonymous_42)
FN:997,getLawCitation
FN:1054,(anonymous_44)
FN:1062,(anonymous_45)
FNF:46
FNH:0
FNDA:0,validateSchema
FNDA:0,safeExtractJson
FNDA:0,getRealEmbedding
FNDA:0,analyzeClauseWithLLM
FNDA:0,(anonymous_4)
FNDA:0,processClause
FNDA:0,translateLLMResult
FNDA:0,(anonymous_7)
FNDA:0,generateChatResponse
FNDA:0,(anonymous_9)
FNDA:0,(anonymous_10)
FNDA:0,generateNegotiationMessage
FNDA:0,compareDocuments
FNDA:0,analyzeDocumentLevelRisks
FNDA:0,generateLawyerQuestions
FNDA:0,(anonymous_15)
FNDA:0,(anonymous_16)
FNDA:0,(anonymous_17)
FNDA:0,(anonymous_18)
FNDA:0,(anonymous_19)
FNDA:0,(anonymous_20)
FNDA:0,(anonymous_21)
FNDA:0,generateSummaryChecklist
FNDA:0,(anonymous_23)
FNDA:0,(anonymous_24)
FNDA:0,(anonymous_25)
FNDA:0,(anonymous_26)
FNDA:0,generateVoiceBriefing
FNDA:0,(anonymous_28)
FNDA:0,(anonymous_29)
FNDA:0,(anonymous_30)
FNDA:0,(anonymous_31)
FNDA:0,(anonymous_32)
FNDA:0,(anonymous_33)
FNDA:0,getClauseDetail
FNDA:0,(anonymous_35)
FNDA:0,(anonymous_36)
FNDA:0,getDocumentRisks
FNDA:0,(anonymous_38)
FNDA:0,(anonymous_39)
FNDA:0,getClauseWithCitations
FNDA:0,(anonymous_41)
FNDA:0,(anonymous_42)
FNDA:0,getLawCitation
FNDA:0,(anonymous_44)
FNDA:0,(anonymous_45)
DA:1,3
DA:2,3
DA:3,3
DA:4,3
DA:7,3
DA:9,3
DA:11,3
DA:13,3
DA:19,0
DA:20,0
DA:21,0
DA:25,0
DA:26,0
DA:27,0
DA:28,0
DA:29,0
DA:30,0
DA:31,0
DA:35,0
DA:36,0
DA:40,0
DA:41,0
DA:47,0
DA:48,0
DA:51,0
DA:52,0
DA:53,0
DA:54,0
DA:57,0
DA:62,0
DA:63,0
DA:64,0
DA:65,0
DA:70,0
DA:71,0
DA:80,0
DA:93,0
DA:95,0
DA:96,0
DA:106,0
DA:107,0
DA:108,0
DA:109,0
DA:112,0
DA:113,0
DA:114,0
DA:116,0
DA:118,0
DA:119,0
DA:120,0
DA:136,0
DA:137,0
DA:138,0
DA:139,0
DA:156,0
DA:158,0
DA:161,0
DA:162,0
DA:183,0
DA:189,0
DA:190,0
DA:192,0
DA:197,0
DA:206,0
DA:207,0
DA:219,0
DA:220,0
DA:221,0
DA:222,0
DA:226,0
DA:228,0
DA:230,0
DA:231,0
DA:239,0
DA:241,0
DA:251,0
DA:252,0
DA:253,0
DA:254,0
DA:271,0
DA:274,0
DA:275,0
DA:276,0
DA:279,0
DA:301,0
DA:302,0
DA:308,0
DA:311,0
DA:312,0
DA:313,0
DA:320,0
DA:324,0
DA:325,0
DA:328,0
DA:334,0
DA:335,0
DA:349,0
DA:363,0
DA:368,0
DA:373,0
DA:395,0
DA:396,0
DA:402,0
DA:403,0
DA:404,0
DA:405,0
DA:407,0
DA:409,0
DA:410,0
DA:416,0
DA:436,0
DA:437,0
DA:443,0
DA:444,0
DA:445,0
DA:446,0
DA:448,0
DA:450,0
DA:451,0
DA:457,0
DA:458,0
DA:460,0
DA:461,0
DA:463,0
DA:464,0
DA:467,0
DA:468,0
DA:469,0
DA:474,0
DA:477,0
DA:478,0
DA:482,0
DA:487,0
DA:489,0
DA:499,0
DA:512,0
DA:540,0
DA:541,0
DA:547,0
DA:548,0
DA:549,0
DA:550,0
DA:552,0
DA:561,0
DA:562,0
DA:574,0
DA:580,0
DA:582,0
DA:584,0
DA:587,0
DA:588,0
DA:597,0
DA:604,0
DA:611,0
DA:614,0
DA:620,0
DA:640,0
DA:641,0
DA:643,0
DA:644,0
DA:646,0
DA:648,0
DA:649,0
DA:653,0
DA:662,0
DA:674,0
DA:675,0
DA:680,0
DA:683,0
DA:684,0
DA:685,0
DA:690,0
DA:692,0
DA:697,0
DA:698,0
DA:701,0
DA:707,0
DA:708,0
DA:720,0
DA:721,0
DA:724,0
DA:727,0
DA:733,0
DA:735,0
DA:736,0
DA:740,0
DA:750,0
DA:752,0
DA:753,0
DA:756,0
DA:762,0
DA:764,0
DA:765,0
DA:766,0
DA:770,0
DA:771,0
DA:777,0
DA:778,0
DA:779,0
DA:780,0
DA:783,0
DA:789,0
DA:794,0
DA:797,0
DA:820,0
DA:822,0
DA:823,0
DA:826,0
DA:827,0
DA:828,0
DA:843,0
DA:844,0
DA:847,0
DA:848,0
DA:849,0
DA:850,0
DA:854,0
DA:868,0
DA:874,0
DA:875,0
DA:876,0
DA:877,0
DA:880,0
DA:882,0
DA:883,0
DA:890,0
DA:906,0
DA:907,0
DA:908,0
DA:910,0
DA:911,0
DA:915,0
DA:950,0
DA:951,0
DA:952,0
DA:953,0
DA:954,0
DA:957,0
DA:958,0
DA:964,0
DA:965,0
DA:966,0
DA:967,0
DA:971,0
DA:976,0
DA:977,0
DA:979,0
DA:985,0
DA:986,0
DA:998,0
DA:999,0
DA:1002,0
DA:1003,0
DA:1004,0
DA:1007,0
DA:1008,0
DA:1011,0
DA:1012,0
DA:1013,0
DA:1023,0
DA:1025,0
DA:1030,0
DA:1031,0
DA:1032,0
DA:1033,0
DA:1035,0
DA:1036,0
DA:1037,0
DA:1048,0
DA:1050,0
DA:1054,0
DA:1059,0
DA:1062,0
DA:1071,3
LF:274
LH:9
BRDA:11,0,0,3
BRDA:11,0,1,0
BRDA:19,1,0,0
BRDA:19,1,1,0
BRDA:19,2,0,0
BRDA:19,2,1,0
BRDA:20,3,0,0
BRDA:20,3,1,0
BRDA:21,4,0,0
BRDA:21,4,1,0
BRDA:22,5,0,0
BRDA:22,5,1,0
BRDA:26,6,0,0
BRDA:26,6,1,0
BRDA:27,7,0,0
BRDA:27,7,1,0
BRDA:28,8,0,0
BRDA:28,8,1,0
BRDA:29,9,0,0
BRDA:29,9,1,0
BRDA:29,10,0,0
BRDA:29,10,1,0
BRDA:31,11,0,0
BRDA:31,11,1,0
BRDA:32,12,0,0
BRDA:32,12,1,0
BRDA:40,13,0,0
BRDA:40,13,1,0
BRDA:40,14,0,0
BRDA:40,14,1,0
BRDA:52,15,0,0
BRDA:52,15,1,0
BRDA:62,16,0,0
BRDA:62,16,1,0
BRDA:77,17,0,0
BRDA:78,18,0,0
BRDA:109,19,0,0
BRDA:109,19,1,0
BRDA:113,20,0,0
BRDA:113,20,1,0
BRDA:113,21,0,0
BRDA:113,21,1,0
BRDA:118,22,0,0
BRDA:118,22,1,0
BRDA:135,23,0,0
BRDA:161,24,0,0
BRDA:161,24,1,0
BRDA:166,25,0,0
BRDA:166,25,1,0
BRDA:168,26,0,0
BRDA:168,26,1,0
BRDA:173,27,0,0
BRDA:173,27,1,0
BRDA:175,28,0,0
BRDA:175,28,1,0
BRDA:189,29,0,0
BRDA:189,29,1,0
BRDA:197,30,0,0
BRDA:197,30,1,0
BRDA:222,31,0,0
BRDA:222,31,1,0
BRDA:230,32,0,0
BRDA:230,32,1,0
BRDA:233,33,0,0
BRDA:233,33,1,0
BRDA:234,34,0,0
BRDA:234,34,1,0
BRDA:235,35,0,0
BRDA:235,35,1,0
BRDA:236,36,0,0
BRDA:236,36,1,0
BRDA:248,37,0,0
BRDA:249,38,0,0
BRDA:274,39,0,0
BRDA:274,39,1,0
BRDA:286,40,0,0
BRDA:286,40,1,0
BRDA:308,41,0,0
BRDA:308,41,1,0
BRDA:312,42,0,0
BRDA:312,42,1,0
BRDA:312,43,0,0
BRDA:312,43,1,0
BRDA:315,44,0,0
BRDA:315,44,1,0
BRDA:324,45,0,0
BRDA:324,45,1,0
BRDA:347,46,0,0
BRDA:352,47,0,0
BRDA:352,47,1,0
BRDA:368,48,0,0
BRDA:368,48,1,0
BRDA:402,49,0,0
BRDA:402,49,1,0
BRDA:404,50,0,0
BRDA:404,50,1,0
BRDA:404,51,0,0
BRDA:404,51,1,0
BRDA:443,52,0,0
BRDA:443,52,1,0
BRDA:445,53,0,0
BRDA:445,53,1,0
BRDA:445,54,0,0
BRDA:445,54,1,0
BRDA:469,55,0,0
BRDA:469,55,1,0
BRDA:470,56,0,0
BRDA:470,56,1,0
BRDA:470,56,2,0
BRDA:478,57,0,0
BRDA:478,57,1,0
BRDA:479,58,0,0
BRDA:479,58,1,0
BRDA:487,59,0,0
BRDA:487,59,1,0
BRDA:547,60,0,0
BRDA:547,60,1,0
BRDA:549,61,0,0
BRDA:549,61,1,0
BRDA:549,62,0,0
BRDA:549,62,1,0
BRDA:584,63,0,0
BRDA:584,63,1,0
BRDA:587,64,0,0
BRDA:587,64,1,0
BRDA:639,65,0,0
BRDA:639,66,0,0
BRDA:641,67,0,0
BRDA:641,67,1,0
BRDA:644,68,0,0
BRDA:644,68,1,0
BRDA:685,69,0,0
BRDA:685,69,1,0
BRDA:686,70,0,0
BRDA:686,70,1,0
BRDA:686,70,2,0
BRDA:697,71,0,0
BRDA:697,71,1,0
BRDA:720,72,0,0
BRDA:720,72,1,0
BRDA:720,73,0,0
BRDA:720,73,1,0
BRDA:724,74,0,0
BRDA:724,74,1,0
BRDA:727,75,0,0
BRDA:727,75,1,0
BRDA:728,76,0,0
BRDA:728,76,1,0
BRDA:728,76,2,0
BRDA:728,76,3,0
BRDA:735,77,0,0
BRDA:735,77,1,0
BRDA:736,78,0,0
BRDA:736,78,1,0
BRDA:744,79,0,0
BRDA:744,79,1,0
BRDA:757,80,0,0
BRDA:757,80,1,0
BRDA:762,81,0,0
BRDA:762,81,1,0
BRDA:762,82,0,0
BRDA:762,82,1,0
BRDA:765,83,0,0
BRDA:765,83,1,0
BRDA:765,84,0,0
BRDA:765,84,1,0
BRDA:765,84,2,0
BRDA:770,85,0,0
BRDA:770,85,1,0
BRDA:777,86,0,0
BRDA:777,86,1,0
BRDA:778,87,0,0
BRDA:778,87,1,0
BRDA:780,88,0,0
BRDA:780,88,1,0
BRDA:789,89,0,0
BRDA:789,89,1,0
BRDA:790,90,0,0
BRDA:790,90,1,0
BRDA:790,90,2,0
BRDA:817,91,0,0
BRDA:818,92,0,0
BRDA:820,93,0,0
BRDA:820,93,1,0
BRDA:826,94,0,0
BRDA:826,94,1,0
BRDA:837,95,0,0
BRDA:837,95,1,0
BRDA:843,96,0,0
BRDA:843,96,1,0
BRDA:847,97,0,0
BRDA:847,97,1,0
BRDA:847,98,0,0
BRDA:847,98,1,0
BRDA:850,99,0,0
BRDA:850,99,1,0
BRDA:851,100,0,0
BRDA:851,100,1,0
BRDA:851,100,2,0
BRDA:864,101,0,0
BRDA:864,101,1,0
BRDA:864,102,0,0
BRDA:864,102,1,0
BRDA:875,103,0,0
BRDA:875,103,1,0
BRDA:875,104,0,0
BRDA:875,104,1,0
BRDA:876,105,0,0
BRDA:876,105,1,0
BRDA:876,106,0,0
BRDA:876,106,1,0
BRDA:882,107,0,0
BRDA:882,107,1,0
BRDA:903,108,0,0
BRDA:904,109,0,0
BRDA:906,110,0,0
BRDA:906,110,1,0
BRDA:907,111,0,0
BRDA:907,111,1,0
BRDA:907,112,0,0
BRDA:907,112,1,0
BRDA:952,113,0,0
BRDA:952,113,1,0
BRDA:964,114,0,0
BRDA:964,114,1,0
BRDA:966,115,0,0
BRDA:966,115,1,0
BRDA:967,116,0,0
BRDA:967,116,1,0
BRDA:968,117,0,0
BRDA:968,117,1,0
BRDA:998,118,0,0
BRDA:998,118,1,0
BRDA:999,119,0,0
BRDA:999,119,1,0
BRDA:1002,120,0,0
BRDA:1002,120,1,0
BRDA:1002,121,0,0
BRDA:1002,121,1,0
BRDA:1011,122,0,0
BRDA:1011,122,1,0
BRDA:1030,123,0,0
BRDA:1030,123,1,0
BRDA:1032,124,0,0
BRDA:1032,124,1,0
BRF:245
BRH:1
end_of_record
TN:
SF:services\sessionStore.js
FN:4,getSession
FN:20,saveSession
FNF:2
FNH:2
FNDA:2,getSession
FNDA:2,saveSession
DA:1,3
DA:5,2
DA:6,2
DA:10,2
DA:11,0
DA:14,0
DA:16,2
DA:21,2
DA:22,2
DA:27,0
DA:32,3
DA:33,3
DA:35,3
LF:13
LH:10
BRDA:10,0,0,0
BRDA:10,0,1,2
BRF:2
BRH:1
end_of_record
